#
# A fatal error has been detected by the Java Runtime Environment:
#
#  SIGSEGV (0xb) at pc=0x00007f74c53f2fae, pid=56984, tid=140139226220288
#
# JRE version: Java(TM) SE Runtime Environment (7.0_45-b18) (build 1.7.0_45-b18)
# Java VM: Java HotSpot(TM) 64-Bit Server VM (24.45-b08 mixed mode linux-amd64 compressed oops)
# Problematic frame:
# J  org.apache.http.client.protocol.RequestAddCookies.process(Lorg/apache/http/HttpRequest;Lorg/apache/http/protocol/HttpContext;)V
#
# Failed to write core dump. Core dumps have been disabled. To enable core dumping, try "ulimit -c unlimited" before starting Java again
#
# If you would like to submit a bug report, please visit:
#   http://bugreport.sun.com/bugreport/crash.jsp
#

---------------  T H R E A D  ---------------

Current thread (0x00007f74c8667000):  JavaThread "FetchDatum-0" [_thread_in_Java, id=57016, stack(0x00007f74b4bc4000,0x00007f74b4cc5000)]

siginfo:si_signo=SIGSEGV: si_errno=0, si_code=1 (SEGV_MAPERR), si_addr=0x0000003bfa60fc6c

Registers:
RAX=0x000000077f5f0070, RBX=0x0000000000000003, RCX=0x0000003bfa60fc60, RDX=0x00000007d6d703f0
RSP=0x00007f74b4cc2d00, RBP=0x00000000f077d9db, RSI=0x000000077f4c2008, RDI=0x000000077f4c1f8c
R8 =0x000000000000000a, R9 =0x00000000fadae03a, R10=0x0000000000000001, R11=0x0000000000000004
R12=0x0000000000000000, R13=0x0000000000000000, R14=0x00007f74b4cc2c98, R15=0x00007f74c8667000
RIP=0x00007f74c53f2fae, EFLAGS=0x0000000000010206, CSGSFS=0x0000000000000033, ERR=0x0000000000000004
  TRAPNO=0x000000000000000e

Top of Stack: (sp=0x00007f74b4cc2d00)
0x00007f74b4cc2d00:   00000007d6d70028 00000007d6d6fd28
0x00007f74b4cc2d10:   00000007d6d6fa58 00000007d6d6f868
0x00007f74b4cc2d20:   0000000783a97b20 f071476aefe86b44
0x00007f74b4cc2d30:   00000007d6d6fa58 0000000783a896a0
0x00007f74b4cc2d40:   00000007d6d6fef0 00000007d6d6fca0
0x00007f74b4cc2d50:   0000000783a98c58 0000000783a88b38
0x00007f74b4cc2d60:   fadadfc3fadadfa5 00000007d6d6fe18
0x00007f74b4cc2d70:   fadadecd00000050 00000007d6d700b0
0x00007f74b4cc2d80:   0000000783a97678 00000007d6d700f0
0x00007f74b4cc2d90:   00000007d6d70180 00000000fadae030
0x00007f74b4cc2da0:   00000007d6d70198 00000007d6d701b0
0x00007f74b4cc2db0:   00000007d6d700d0 00000007d6d704a0
0x00007f74b4cc2dc0:   00000007d6d700d0 00000007d6d703f0
0x00007f74b4cc2dd0:   00000000f077d9db 0000000700000000
0x00007f74b4cc2de0:   000000000000003f 00000000f06f21a6
0x00007f74b4cc2df0:   0000000000000021 00000007d6d6fa58
0x00007f74b4cc2e00:   00000000f075318b 00007f74c52841d4
0x00007f74b4cc2e10:   00000007d6d6f868 00000007d6d6fa58
0x00007f74b4cc2e20:   0000000783a986b0 0000000900000006
0x00007f74b4cc2e30:   0000000783a98698 000000077e7838d8
0x00007f74b4cc2e40:   00007f74b4cc2e80 000000077e789bb0
0x00007f74b4cc2e50:   00007f74b4cc2ec8 00007f74c5006786
0x00007f74b4cc2e60:   0000000000000000 00007f74c5006786
0x00007f74b4cc2e70:   00000007d6d6fa58 00000007d6d6f868
0x00007f74b4cc2e80:   0000000783a98698 00007f74b4cc2e88
0x00007f74b4cc2e90:   000000077f3f745e 00007f74b4cc2f30
0x00007f74b4cc2ea0:   000000077f3f7da0 0000000000000000
0x00007f74b4cc2eb0:   000000077f3f7600 00007f74b4cc2e70
0x00007f74b4cc2ec0:   00007f74b4cc2f10 00007f74b4cc2f78
0x00007f74b4cc2ed0:   00007f74c5006961 0000000000000000
0x00007f74b4cc2ee0:   0000000000000000 00000007d6d6fef0
0x00007f74b4cc2ef0:   0000000000000000 00000007d6d6fea8 

Instructions: (pc=0x00007f74c53f2fae)
0x00007f74c53f2f8e:   94 24 d8 00 00 00 49 63 ca 48 8b 94 24 c8 00 00
0x00007f74c53f2f9e:   00 8b 6c 8a 14 89 ac 24 d0 00 00 00 49 8d 0c fc
0x00007f74c53f2fae:   8b 49 0c 3b 8c 24 d4 00 00 00 8b 94 24 d4 00 00
0x00007f74c53f2fbe:   00 0f 4c d1 89 94 24 d4 00 00 00 41 83 c2 02 48 

Register to memory mapping:

RAX=0x000000077f5f0070 is an oop
{instance class} 
 - klass: {other class}
RBX=0x0000000000000003 is an unknown value
RCX=0x0000003bfa60fc60 is an unknown value
RDX=0x00000007d6d703f0 is an oop
[Ljava.lang.Object; 
 - klass: 'java/lang/Object'[]
 - length: 10
RSP=0x00007f74b4cc2d00 is pointing into the stack for thread: 0x00007f74c8667000
RBP=0x00000000f077d9db is an unknown value
RSI=0x000000077f4c2008 is an oop
{instance class} 
 - klass: {other class}
RDI=0x000000077f4c1f8c is pointing into object: 0x000000077f4c1f68
[[I 
 - klass: 'java/lang/Object'[]
 - length: 5
R8 =0x000000000000000a is an unknown value
R9 =0x00000000fadae03a is an unknown value
R10=0x0000000000000001 is an unknown value
R11=0x0000000000000004 is an unknown value
R12=0x0000000000000000 is an unknown value
R13=0x0000000000000000 is an unknown value
R14=0x00007f74b4cc2c98 is pointing into the stack for thread: 0x00007f74c8667000
R15=0x00007f74c8667000 is a thread


Stack: [0x00007f74b4bc4000,0x00007f74b4cc5000],  sp=0x00007f74b4cc2d00,  free space=1019k
Native frames: (J=compiled Java code, j=interpreted, Vv=VM code, C=native code)
J  org.apache.http.client.protocol.RequestAddCookies.process(Lorg/apache/http/HttpRequest;Lorg/apache/http/protocol/HttpContext;)V


---------------  P R O C E S S  ---------------

Java Threads: ( => current thread )
  0x00007f7454113000 JavaThread "FetchDatum-3-EventThread" daemon [_thread_blocked, id=57034, stack(0x00007f74aefbb000,0x00007f74af0bc000)]
  0x00007f745410f800 JavaThread "FetchDatum-3-SendThread(109-36.priv.nus.edu.sg:2181)" daemon [_thread_in_native, id=57033, stack(0x00007f74af0bc000,0x00007f74af1bd000)]
  0x00007f745412b000 JavaThread "Timer-0" daemon [_thread_blocked, id=57032, stack(0x00007f74af1bd000,0x00007f74af2be000)]
  0x00007f745410b000 JavaThread "FetchDatum-3-EventThread" daemon [_thread_blocked, id=57031, stack(0x00007f74af2be000,0x00007f74af3bf000)]
  0x00007f745410a000 JavaThread "FetchDatum-3-SendThread(109-36.priv.nus.edu.sg:2181)" daemon [_thread_in_native, id=57030, stack(0x00007f74af3bf000,0x00007f74af4c0000)]
  0x00007f745800a800 JavaThread "Connection Manager" [_thread_blocked, id=57029, stack(0x00007f74af4c0000,0x00007f74af5c1000)]
  0x00007f744c18a000 JavaThread "Connection Manager" [_thread_blocked, id=57028, stack(0x00007f74afbe8000,0x00007f74afce9000)]
  0x00007f744c198000 JavaThread "Connection Manager" [_thread_blocked, id=57027, stack(0x00007f74afce9000,0x00007f74afdea000)]
  0x00007f744c033000 JavaThread "C3P0PooledConnectionPoolManager[identityToken->z8kfsx8z1509p8f1dti3nm|55e95e9e]-HelperThread-#2" daemon [_thread_blocked, id=57026, stack(0x00007f74b42bb000,0x00007f74b43bc000)]
  0x00007f744c026000 JavaThread "C3P0PooledConnectionPoolManager[identityToken->z8kfsx8z1509p8f1dti3nm|55e95e9e]-HelperThread-#1" daemon [_thread_blocked, id=57025, stack(0x00007f74b43bc000,0x00007f74b44bd000)]
  0x00007f744c02f800 JavaThread "C3P0PooledConnectionPoolManager[identityToken->z8kfsx8z1509p8f1dti3nm|55e95e9e]-HelperThread-#0" daemon [_thread_blocked, id=57024, stack(0x00007f74b44bd000,0x00007f74b45be000)]
  0x00007f744c017000 JavaThread "C3P0PooledConnectionPoolManager[identityToken->z8kfsx8z1509p8f1dti3nm|55e95e9e]-AdminTaskTimer" daemon [_thread_blocked, id=57023, stack(0x00007f74b45be000,0x00007f74b46bf000)]
  0x00007f74c8672000 JavaThread "FetchDatumList-5" [_thread_blocked, id=57021, stack(0x00007f74b46bf000,0x00007f74b47c0000)]
  0x00007f74c8670000 JavaThread "FetchDatum-4" [_thread_in_native, id=57020, stack(0x00007f74b47c0000,0x00007f74b48c1000)]
  0x00007f74c866a800 JavaThread "FetchDatum-3" [_thread_in_native, id=57019, stack(0x00007f74b48c1000,0x00007f74b49c2000)]
  0x00007f74c8668800 JavaThread "FetchDatum-2" [_thread_in_native, id=57018, stack(0x00007f74b49c2000,0x00007f74b4ac3000)]
  0x00007f74c8667800 JavaThread "FetchDatum-1" [_thread_in_native, id=57017, stack(0x00007f74b4ac3000,0x00007f74b4bc4000)]
=>0x00007f74c8667000 JavaThread "FetchDatum-0" [_thread_in_Java, id=57016, stack(0x00007f74b4bc4000,0x00007f74b4cc5000)]
  0x00007f74c80b7000 JavaThread "Service Thread" daemon [_thread_blocked, id=57014, stack(0x00007f74b55f2000,0x00007f74b56f3000)]
  0x00007f74c80b4800 JavaThread "C2 CompilerThread1" daemon [_thread_blocked, id=57013, stack(0x00007f74b56f3000,0x00007f74b57f4000)]
  0x00007f74c80b1800 JavaThread "C2 CompilerThread0" daemon [_thread_blocked, id=57012, stack(0x00007f74b57f4000,0x00007f74b58f5000)]
  0x00007f747c001000 JavaThread "JDWP Command Reader" daemon [_thread_in_native, id=57009, stack(0x00007f74b58f5000,0x00007f74b59f6000)]
  0x00007f74c80af800 JavaThread "JDWP Event Helper Thread" daemon [_thread_blocked, id=57008, stack(0x00007f74b59f6000,0x00007f74b5af7000)]
  0x00007f74c80ac000 JavaThread "JDWP Transport Listener: dt_socket" daemon [_thread_blocked, id=57005, stack(0x00007f74b5af7000,0x00007f74b5bf8000)]
  0x00007f74c8094800 JavaThread "Signal Dispatcher" daemon [_thread_blocked, id=57002, stack(0x00007f74b5dfc000,0x00007f74b5efd000)]
  0x00007f74c807f000 JavaThread "Finalizer" daemon [_thread_blocked, id=57001, stack(0x00007f74b5efd000,0x00007f74b5ffe000)]
  0x00007f74c807b000 JavaThread "Reference Handler" daemon [_thread_blocked, id=57000, stack(0x00007f74b5ffe000,0x00007f74b60ff000)]
  0x00007f74c8010000 JavaThread "main" [_thread_blocked, id=56989, stack(0x00007f74cfd28000,0x00007f74cfe29000)]

Other Threads:
  0x00007f74c8078800 VMThread [stack: 0x00007f74b60ff000,0x00007f74b6200000] [id=56999]
  0x00007f74c80c2000 WatcherThread [stack: 0x00007f74b54f1000,0x00007f74b55f2000] [id=57015]

VM state:not at safepoint (normal execution)

VM Mutex/Monitor currently owned by a thread: None

Heap
 PSYoungGen      total 198656K, used 9154K [0x00000007d6680000, 0x00000007ede80000, 0x0000000800000000)
  eden space 197120K, 3% used [0x00000007d6680000,0x00000007d6df8a50,0x00000007e2700000)
  from space 1536K, 97% used [0x00000007eda80000,0x00000007edbf8030,0x00000007edc00000)
  to   space 2560K, 0% used [0x00000007edc00000,0x00000007edc00000,0x00000007ede80000)
 ParOldGen       total 60416K, used 44895K [0x0000000783400000, 0x0000000786f00000, 0x00000007d6680000)
  object space 60416K, 74% used [0x0000000783400000,0x0000000785fd7e08,0x0000000786f00000)
 PSPermGen       total 55296K, used 24709K [0x000000077e200000, 0x0000000781800000, 0x0000000783400000)
  object space 55296K, 44% used [0x000000077e200000,0x000000077fa21510,0x0000000781800000)

Card table byte_map: [0x00007f74cc0fa000,0x00007f74cc50a000] byte_map_base: 0x00007f74c8509000

Polling page: 0x00007f74cfe3c000

Code Cache  [0x00007f74c5000000, 0x00007f74c5400000, 0x00007f74c8000000)
 total_blobs=1444 nmethods=1060 adapters=345 free_code_cache=45143Kb largest_free_block=46150016

Compilation events (10 events):
Event: 1012.898 Thread 0x00007f74c80b1800 1175             java.util.Calendar::complete (40 bytes)
Event: 1012.899 Thread 0x00007f74c80b1800 nmethod 1175 0x00007f74c50a9790 code [0x00007f74c50a98e0, 0x00007f74c50a99b8]
Event: 1013.282 Thread 0x00007f74c80b4800 1176             sun.misc.IoTrace::socketWriteEnd (1 bytes)
Event: 1013.282 Thread 0x00007f74c80b4800 nmethod 1176 0x00007f74c50b1650 code [0x00007f74c50b1780, 0x00007f74c50b17b8]
Event: 1013.297 Thread 0x00007f74c80b1800 1177             sun.misc.IoTrace::socketWriteBegin (2 bytes)
Event: 1013.297 Thread 0x00007f74c80b1800 nmethod 1177 0x00007f74c50e0a50 code [0x00007f74c50e0b80, 0x00007f74c50e0bb8]
Event: 1016.142 Thread 0x00007f74c80b4800 1178             java.util.Calendar::get (10 bytes)
Event: 1016.144 Thread 0x00007f74c80b4800 nmethod 1178 0x00007f74c50a9390 code [0x00007f74c50a94e0, 0x00007f74c50a9618]
Event: 1016.465 Thread 0x00007f74c80b1800 1179   !         org.apache.http.client.protocol.RequestAddCookies::process (789 bytes)
Event: 1016.594 Thread 0x00007f74c80b1800 nmethod 1179 0x00007f74c53f06d0 code [0x00007f74c53f0ea0, 0x00007f74c53f4f68]

GC Heap History (10 events):
Event: 1002.549 GC heap before
{Heap before GC invocations=221 (full 2):
 PSYoungGen      total 247296K, used 246837K [0x00000007d6680000, 0x00000007ee200000, 0x0000000800000000)
  eden space 245760K, 100% used [0x00000007d6680000,0x00000007e5680000,0x00000007e5680000)
  from space 1536K, 70% used [0x00000007ee080000,0x00000007ee18d738,0x00000007ee200000)
  to   space 2560K, 0% used [0x00000007edd00000,0x00000007edd00000,0x00000007edf80000)
 ParOldGen       total 60416K, used 42383K [0x0000000783400000, 0x0000000786f00000, 0x00000007d6680000)
  object space 60416K, 70% used [0x0000000783400000,0x0000000785d63f10,0x0000000786f00000)
 PSPermGen       total 55296K, used 24705K [0x000000077e200000, 0x0000000781800000, 0x0000000783400000)
  object space 55296K, 44% used [0x000000077e200000,0x000000077fa20580,0x0000000781800000)
Event: 1002.552 GC heap after
Heap after GC invocations=221 (full 2):
 PSYoungGen      total 236544K, used 1248K [0x00000007d6680000, 0x00000007ee100000, 0x0000000800000000)
  eden space 235008K, 0% used [0x00000007d6680000,0x00000007d6680000,0x00000007e4c00000)
  from space 1536K, 81% used [0x00000007edd00000,0x00000007ede38030,0x00000007ede80000)
  to   space 2048K, 0% used [0x00000007edf00000,0x00000007edf00000,0x00000007ee100000)
 ParOldGen       total 60416K, used 42704K [0x0000000783400000, 0x0000000786f00000, 0x00000007d6680000)
  object space 60416K, 70% used [0x0000000783400000,0x0000000785db40c0,0x0000000786f00000)
 PSPermGen       total 55296K, used 24705K [0x000000077e200000, 0x0000000781800000, 0x0000000783400000)
  object space 55296K, 44% used [0x000000077e200000,0x000000077fa20580,0x0000000781800000)
}
Event: 1005.626 GC heap before
{Heap before GC invocations=222 (full 2):
 PSYoungGen      total 236544K, used 236256K [0x00000007d6680000, 0x00000007ee100000, 0x0000000800000000)
  eden space 235008K, 100% used [0x00000007d6680000,0x00000007e4c00000,0x00000007e4c00000)
  from space 1536K, 81% used [0x00000007edd00000,0x00000007ede38030,0x00000007ede80000)
  to   space 2048K, 0% used [0x00000007edf00000,0x00000007edf00000,0x00000007ee100000)
 ParOldGen       total 60416K, used 42704K [0x0000000783400000, 0x0000000786f00000, 0x00000007d6680000)
  object space 60416K, 70% used [0x0000000783400000,0x0000000785db40c0,0x0000000786f00000)
 PSPermGen       total 55296K, used 24706K [0x000000077e200000, 0x0000000781800000, 0x0000000783400000)
  object space 55296K, 44% used [0x000000077e200000,0x000000077fa20a70,0x0000000781800000)
Event: 1005.674 GC heap after
Heap after GC invocations=222 (full 2):
 PSYoungGen      total 225792K, used 928K [0x00000007d6680000, 0x00000007ee000000, 0x0000000800000000)
  eden space 224768K, 0% used [0x00000007d6680000,0x00000007d6680000,0x00000007e4200000)
  from space 1024K, 90% used [0x00000007edf00000,0x00000007edfe8000,0x00000007ee000000)
  to   space 2048K, 0% used [0x00000007edc00000,0x00000007edc00000,0x00000007ede00000)
 ParOldGen       total 60416K, used 43072K [0x0000000783400000, 0x0000000786f00000, 0x00000007d6680000)
  object space 60416K, 71% used [0x0000000783400000,0x0000000785e102a0,0x0000000786f00000)
 PSPermGen       total 55296K, used 24706K [0x000000077e200000, 0x0000000781800000, 0x0000000783400000)
  object space 55296K, 44% used [0x000000077e200000,0x000000077fa20a70,0x0000000781800000)
}
Event: 1009.752 GC heap before
{Heap before GC invocations=223 (full 2):
 PSYoungGen      total 225792K, used 225696K [0x00000007d6680000, 0x00000007ee000000, 0x0000000800000000)
  eden space 224768K, 100% used [0x00000007d6680000,0x00000007e4200000,0x00000007e4200000)
  from space 1024K, 90% used [0x00000007edf00000,0x00000007edfe8000,0x00000007ee000000)
  to   space 2048K, 0% used [0x00000007edc00000,0x00000007edc00000,0x00000007ede00000)
 ParOldGen       total 60416K, used 43072K [0x0000000783400000, 0x0000000786f00000, 0x00000007d6680000)
  object space 60416K, 71% used [0x0000000783400000,0x0000000785e102a0,0x0000000786f00000)
 PSPermGen       total 55296K, used 24708K [0x000000077e200000, 0x0000000781800000, 0x0000000783400000)
  object space 55296K, 44% used [0x000000077e200000,0x000000077fa21270,0x0000000781800000)
Event: 1009.784 GC heap after
Heap after GC invocations=223 (full 2):
 PSYoungGen      total 217088K, used 1728K [0x00000007d6680000, 0x00000007edf80000, 0x0000000800000000)
  eden space 215040K, 0% used [0x00000007d6680000,0x00000007d6680000,0x00000007e3880000)
  from space 2048K, 84% used [0x00000007edc00000,0x00000007eddb0030,0x00000007ede00000)
  to   space 1536K, 0% used [0x00000007ede00000,0x00000007ede00000,0x00000007edf80000)
 ParOldGen       total 60416K, used 43136K [0x0000000783400000, 0x0000000786f00000, 0x00000007d6680000)
  object space 60416K, 71% used [0x0000000783400000,0x0000000785e202a0,0x0000000786f00000)
 PSPermGen       total 55296K, used 24708K [0x000000077e200000, 0x0000000781800000, 0x0000000783400000)
  object space 55296K, 44% used [0x000000077e200000,0x000000077fa21270,0x0000000781800000)
}
Event: 1012.836 GC heap before
{Heap before GC invocations=224 (full 2):
 PSYoungGen      total 217088K, used 216768K [0x00000007d6680000, 0x00000007edf80000, 0x0000000800000000)
  eden space 215040K, 100% used [0x00000007d6680000,0x00000007e3880000,0x00000007e3880000)
  from space 2048K, 84% used [0x00000007edc00000,0x00000007eddb0030,0x00000007ede00000)
  to   space 1536K, 0% used [0x00000007ede00000,0x00000007ede00000,0x00000007edf80000)
 ParOldGen       total 60416K, used 43136K [0x0000000783400000, 0x0000000786f00000, 0x00000007d6680000)
  object space 60416K, 71% used [0x0000000783400000,0x0000000785e202a0,0x0000000786f00000)
 PSPermGen       total 55296K, used 24708K [0x000000077e200000, 0x0000000781800000, 0x0000000783400000)
  object space 55296K, 44% used [0x000000077e200000,0x000000077fa21270,0x0000000781800000)
Event: 1012.878 GC heap after
Heap after GC invocations=224 (full 2):
 PSYoungGen      total 207360K, used 1504K [0x00000007d6680000, 0x00000007edf80000, 0x0000000800000000)
  eden space 205824K, 0% used [0x00000007d6680000,0x00000007d6680000,0x00000007e2f80000)
  from space 1536K, 97% used [0x00000007ede00000,0x00000007edf78010,0x00000007edf80000)
  to   space 2560K, 0% used [0x00000007eda80000,0x00000007eda80000,0x00000007edd00000)
 ParOldGen       total 60416K, used 43501K [0x0000000783400000, 0x0000000786f00000, 0x00000007d6680000)
  object space 60416K, 72% used [0x0000000783400000,0x0000000785e7b4e8,0x0000000786f00000)
 PSPermGen       total 55296K, used 24708K [0x000000077e200000, 0x0000000781800000, 0x0000000783400000)
  object space 55296K, 44% used [0x000000077e200000,0x000000077fa21270,0x0000000781800000)
}
Event: 1016.932 GC heap before
{Heap before GC invocations=225 (full 2):
 PSYoungGen      total 207360K, used 207328K [0x00000007d6680000, 0x00000007edf80000, 0x0000000800000000)
  eden space 205824K, 100% used [0x00000007d6680000,0x00000007e2f80000,0x00000007e2f80000)
  from space 1536K, 97% used [0x00000007ede00000,0x00000007edf78010,0x00000007edf80000)
  to   space 2560K, 0% used [0x00000007eda80000,0x00000007eda80000,0x00000007edd00000)
 ParOldGen       total 60416K, used 43501K [0x0000000783400000, 0x0000000786f00000, 0x00000007d6680000)
  object space 60416K, 72% used [0x0000000783400000,0x0000000785e7b4e8,0x0000000786f00000)
 PSPermGen       total 55296K, used 24709K [0x000000077e200000, 0x0000000781800000, 0x0000000783400000)
  object space 55296K, 44% used [0x000000077e200000,0x000000077fa214d0,0x0000000781800000)
Event: 1016.937 GC heap after
Heap after GC invocations=225 (full 2):
 PSYoungGen      total 198656K, used 1504K [0x00000007d6680000, 0x00000007ede80000, 0x0000000800000000)
  eden space 197120K, 0% used [0x00000007d6680000,0x00000007d6680000,0x00000007e2700000)
  from space 1536K, 97% used [0x00000007eda80000,0x00000007edbf8030,0x00000007edc00000)
  to   space 2560K, 0% used [0x00000007edc00000,0x00000007edc00000,0x00000007ede80000)
 ParOldGen       total 60416K, used 44895K [0x0000000783400000, 0x0000000786f00000, 0x00000007d6680000)
  object space 60416K, 74% used [0x0000000783400000,0x0000000785fd7e08,0x0000000786f00000)
 PSPermGen       total 55296K, used 24709K [0x000000077e200000, 0x0000000781800000, 0x0000000783400000)
  object space 55296K, 44% used [0x000000077e200000,0x000000077fa214d0,0x0000000781800000)
}

Deoptimization events (10 events):
Event: 1013.528 Thread 0x00007f74c8667800 Uncommon trap: reason=unhandled action=none pc=0x00007f74c51f1798 method=java.lang.Integer.parseInt(Ljava/lang/String;I)I @ 249
Event: 1013.528 Thread 0x00007f74c8667800 Uncommon trap: reason=unhandled action=none pc=0x00007f74c51f1798 method=java.lang.Integer.parseInt(Ljava/lang/String;I)I @ 249
Event: 1013.528 Thread 0x00007f74c8667800 Uncommon trap: reason=unhandled action=none pc=0x00007f74c51f1798 method=java.lang.Integer.parseInt(Ljava/lang/String;I)I @ 249
Event: 1013.528 Thread 0x00007f74c8667800 Uncommon trap: reason=unhandled action=none pc=0x00007f74c51f1798 method=java.lang.Integer.parseInt(Ljava/lang/String;I)I @ 249
Event: 1013.528 Thread 0x00007f74c8667800 Uncommon trap: reason=unhandled action=none pc=0x00007f74c51f1798 method=java.lang.Integer.parseInt(Ljava/lang/String;I)I @ 249
Event: 1013.528 Thread 0x00007f74c8667800 Uncommon trap: reason=unhandled action=none pc=0x00007f74c51f1798 method=java.lang.Integer.parseInt(Ljava/lang/String;I)I @ 249
Event: 1013.528 Thread 0x00007f74c8667800 Uncommon trap: reason=unhandled action=none pc=0x00007f74c51f1798 method=java.lang.Integer.parseInt(Ljava/lang/String;I)I @ 249
Event: 1013.528 Thread 0x00007f74c8667800 Uncommon trap: reason=unhandled action=none pc=0x00007f74c51f1798 method=java.lang.Integer.parseInt(Ljava/lang/String;I)I @ 249
Event: 1016.939 Thread 0x00007f74c866a800 Uncommon trap: reason=unhandled action=none pc=0x00007f74c51f1798 method=java.lang.Integer.parseInt(Ljava/lang/String;I)I @ 249
Event: 1016.942 Thread 0x00007f74c866a800 Uncommon trap: reason=unhandled action=none pc=0x00007f74c51f1798 method=java.lang.Integer.parseInt(Ljava/lang/String;I)I @ 249

Internal exceptions (10 events):
Event: 1015.826 Thread 0x00007f74c8668800 Threw 0x00000007dceeec28 at /HUDSON/workspace/7u-2-build-linux-amd64/jdk7u45/229/hotspot/src/share/vm/prims/jni.cpp:743
Event: 1015.877 Thread 0x00007f74c866a800 Threw 0x00000007de38f838 at /HUDSON/workspace/7u-2-build-linux-amd64/jdk7u45/229/hotspot/src/share/vm/prims/jni.cpp:743
Event: 1016.010 Thread 0x00007f74c8667800 Threw 0x00000007df557d98 at /HUDSON/workspace/7u-2-build-linux-amd64/jdk7u45/229/hotspot/src/share/vm/prims/jni.cpp:743
Event: 1016.145 Thread 0x00007f74c8670000 Threw 0x00000007dfb2e060 at /HUDSON/workspace/7u-2-build-linux-amd64/jdk7u45/229/hotspot/src/share/vm/prims/jni.cpp:743
Event: 1016.145 Thread 0x00007f74c8668800 Threw 0x00000007dfa945b8 at /HUDSON/workspace/7u-2-build-linux-amd64/jdk7u45/229/hotspot/src/share/vm/prims/jni.cpp:743
Event: 1016.211 Thread 0x00007f74c866a800 Threw 0x00000007e047de98 at /HUDSON/workspace/7u-2-build-linux-amd64/jdk7u45/229/hotspot/src/share/vm/prims/jni.cpp:743
Event: 1016.281 Thread 0x00007f74c8667000 Threw 0x00000007e166d818 at /HUDSON/workspace/7u-2-build-linux-amd64/jdk7u45/229/hotspot/src/share/vm/prims/jni.cpp:743
Event: 1016.351 Thread 0x00007f74c8667800 Threw 0x00000007e1a26d30 at /HUDSON/workspace/7u-2-build-linux-amd64/jdk7u45/229/hotspot/src/share/vm/prims/jni.cpp:743
Event: 1016.467 Thread 0x00007f74c8670000 Threw 0x00000007e1fff860 at /HUDSON/workspace/7u-2-build-linux-amd64/jdk7u45/229/hotspot/src/share/vm/prims/jni.cpp:743
Event: 1016.467 Thread 0x00007f74c8668800 Threw 0x00000007e1f84100 at /HUDSON/workspace/7u-2-build-linux-amd64/jdk7u45/229/hotspot/src/share/vm/prims/jni.cpp:743

Events (10 events):
Event: 1016.939 Thread 0x00007f74c866a800 Uncommon trap: trap_request=0xffffffa7 fr.pc=0x00007f74c51f1798
Event: 1016.939 Thread 0x00007f74c866a800 DEOPT PACKING pc=0x00007f74c51f1798 sp=0x00007f74b49c0030
Event: 1016.939 Thread 0x00007f74c866a800 DEOPT UNPACKING pc=0x00007f74c5039445 sp=0x00007f74b49bfff8 mode 2
Event: 1016.942 Thread 0x00007f74c866a800 DEOPT PACKING pc=0x00007f74c522557c sp=0x00007f74b49c00b0
Event: 1016.942 Thread 0x00007f74c866a800 DEOPT UNPACKING pc=0x00007f74c503920f sp=0x00007f74b49bfde0 mode 1
Event: 1016.942 Thread 0x00007f74c866a800 Uncommon trap: trap_request=0xffffffa7 fr.pc=0x00007f74c51f1798
Event: 1016.942 Thread 0x00007f74c866a800 DEOPT PACKING pc=0x00007f74c51f1798 sp=0x00007f74b49c0030
Event: 1016.942 Thread 0x00007f74c866a800 DEOPT UNPACKING pc=0x00007f74c5039445 sp=0x00007f74b49bfff8 mode 2
Event: 1016.942 Thread 0x00007f74c866a800 DEOPT PACKING pc=0x00007f74c522557c sp=0x00007f74b49c00b0
Event: 1016.943 Thread 0x00007f74c866a800 DEOPT UNPACKING pc=0x00007f74c503920f sp=0x00007f74b49bfde0 mode 1


Dynamic libraries:
00400000-00401000 r-xp 00000000 08:01 264054                             /opt/jdk1.7.0_45/jre/bin/java
00600000-00601000 rw-p 00000000 08:01 264054                             /opt/jdk1.7.0_45/jre/bin/java
022fa000-0231b000 rw-p 00000000 00:00 0                                  [heap]
77e200000-781800000 rw-p 00000000 00:00 0 
781800000-783400000 rw-p 00000000 00:00 0 
783400000-786f00000 rw-p 00000000 00:00 0 
786f00000-788700000 ---p 00000000 00:00 0 
788700000-7d6680000 rw-p 00000000 00:00 0 
7d6680000-7ede80000 rw-p 00000000 00:00 0 
7ede80000-800000000 ---p 00000000 00:00 0 
7f7418000000-7f7418021000 rw-p 00000000 00:00 0 
7f7418021000-7f741c000000 ---p 00000000 00:00 0 
7f741c000000-7f741c021000 rw-p 00000000 00:00 0 
7f741c021000-7f7420000000 ---p 00000000 00:00 0 
7f7420000000-7f7420021000 rw-p 00000000 00:00 0 
7f7420021000-7f7424000000 ---p 00000000 00:00 0 
7f7424000000-7f7424021000 rw-p 00000000 00:00 0 
7f7424021000-7f7428000000 ---p 00000000 00:00 0 
7f7428000000-7f7428021000 rw-p 00000000 00:00 0 
7f7428021000-7f742c000000 ---p 00000000 00:00 0 
7f742c000000-7f742c021000 rw-p 00000000 00:00 0 
7f742c021000-7f7430000000 ---p 00000000 00:00 0 
7f7430000000-7f7430021000 rw-p 00000000 00:00 0 
7f7430021000-7f7434000000 ---p 00000000 00:00 0 
7f7434000000-7f7434021000 rw-p 00000000 00:00 0 
7f7434021000-7f7438000000 ---p 00000000 00:00 0 
7f7438000000-7f74381b9000 rw-p 00000000 00:00 0 
7f74381b9000-7f743c000000 ---p 00000000 00:00 0 
7f743c000000-7f743c0c2000 rw-p 00000000 00:00 0 
7f743c0c2000-7f7440000000 ---p 00000000 00:00 0 
7f7440000000-7f7440021000 rw-p 00000000 00:00 0 
7f7440021000-7f7444000000 ---p 00000000 00:00 0 
7f7444000000-7f7444112000 rw-p 00000000 00:00 0 
7f7444112000-7f7448000000 ---p 00000000 00:00 0 
7f7448000000-7f7448049000 rw-p 00000000 00:00 0 
7f7448049000-7f744c000000 ---p 00000000 00:00 0 
7f744c000000-7f744c338000 rw-p 00000000 00:00 0 
7f744c338000-7f7450000000 ---p 00000000 00:00 0 
7f7450000000-7f7450052000 rw-p 00000000 00:00 0 
7f7450052000-7f7454000000 ---p 00000000 00:00 0 
7f7454000000-7f745419b000 rw-p 00000000 00:00 0 
7f745419b000-7f7458000000 ---p 00000000 00:00 0 
7f7458000000-7f7458046000 rw-p 00000000 00:00 0 
7f7458046000-7f745c000000 ---p 00000000 00:00 0 
7f745c000000-7f745c269000 rw-p 00000000 00:00 0 
7f745c269000-7f7460000000 ---p 00000000 00:00 0 
7f7460000000-7f7460021000 rw-p 00000000 00:00 0 
7f7460021000-7f7464000000 ---p 00000000 00:00 0 
7f7464000000-7f7464021000 rw-p 00000000 00:00 0 
7f7464021000-7f7468000000 ---p 00000000 00:00 0 
7f7468000000-7f7469ffd000 rw-p 00000000 00:00 0 
7f7469ffd000-7f746c000000 ---p 00000000 00:00 0 
7f746c000000-7f746e6dd000 rw-p 00000000 00:00 0 
7f746e6dd000-7f7470000000 ---p 00000000 00:00 0 
7f7470000000-7f7470021000 rw-p 00000000 00:00 0 
7f7470021000-7f7474000000 ---p 00000000 00:00 0 
7f7474000000-7f7474021000 rw-p 00000000 00:00 0 
7f7474021000-7f7478000000 ---p 00000000 00:00 0 
7f7478000000-7f7478021000 rw-p 00000000 00:00 0 
7f7478021000-7f747c000000 ---p 00000000 00:00 0 
7f747c000000-7f747c028000 rw-p 00000000 00:00 0 
7f747c028000-7f7480000000 ---p 00000000 00:00 0 
7f7480000000-7f7480021000 rw-p 00000000 00:00 0 
7f7480021000-7f7484000000 ---p 00000000 00:00 0 
7f7484000000-7f7484021000 rw-p 00000000 00:00 0 
7f7484021000-7f7488000000 ---p 00000000 00:00 0 
7f7488000000-7f7488071000 rw-p 00000000 00:00 0 
7f7488071000-7f748c000000 ---p 00000000 00:00 0 
7f748ff10000-7f7494000000 rw-p 00000000 00:00 0 
7f7494000000-7f7494021000 rw-p 00000000 00:00 0 
7f7494021000-7f7498000000 ---p 00000000 00:00 0 
7f7498000000-7f7498021000 rw-p 00000000 00:00 0 
7f7498021000-7f749c000000 ---p 00000000 00:00 0 
7f74a0000000-7f74a0021000 rw-p 00000000 00:00 0 
7f74a0021000-7f74a4000000 ---p 00000000 00:00 0 
7f74a8000000-7f74a8022000 rw-p 00000000 00:00 0 
7f74a8022000-7f74ac000000 ---p 00000000 00:00 0 
7f74aedb8000-7f74aedba000 r-xp 00000000 08:01 1572917                    /lib/libnss_mdns4.so.2
7f74aedba000-7f74aefb9000 ---p 00002000 08:01 1572917                    /lib/libnss_mdns4.so.2
7f74aefb9000-7f74aefba000 r--p 00001000 08:01 1572917                    /lib/libnss_mdns4.so.2
7f74aefba000-7f74aefbb000 rw-p 00002000 08:01 1572917                    /lib/libnss_mdns4.so.2
7f74aefbb000-7f74aefbe000 ---p 00000000 00:00 0 
7f74aefbe000-7f74af0bc000 rw-p 00000000 00:00 0                          [stack:57034]
7f74af0bc000-7f74af0bf000 ---p 00000000 00:00 0 
7f74af0bf000-7f74af1bd000 rw-p 00000000 00:00 0                          [stack:57033]
7f74af1bd000-7f74af1c0000 ---p 00000000 00:00 0 
7f74af1c0000-7f74af2be000 rw-p 00000000 00:00 0                          [stack:57032]
7f74af2be000-7f74af2c1000 ---p 00000000 00:00 0 
7f74af2c1000-7f74af3bf000 rw-p 00000000 00:00 0                          [stack:57031]
7f74af3bf000-7f74af3c2000 ---p 00000000 00:00 0 
7f74af3c2000-7f74af4c0000 rw-p 00000000 00:00 0                          [stack:57030]
7f74af4c0000-7f74af4c3000 ---p 00000000 00:00 0 
7f74af4c3000-7f74af5c1000 rw-p 00000000 00:00 0                          [stack:57029]
7f74af5c1000-7f74af5d9000 r-xp 00000000 08:01 1573696                    /lib/x86_64-linux-gnu/libresolv-2.15.so
7f74af5d9000-7f74af7d9000 ---p 00018000 08:01 1573696                    /lib/x86_64-linux-gnu/libresolv-2.15.so
7f74af7d9000-7f74af7da000 r--p 00018000 08:01 1573696                    /lib/x86_64-linux-gnu/libresolv-2.15.so
7f74af7da000-7f74af7db000 rw-p 00019000 08:01 1573696                    /lib/x86_64-linux-gnu/libresolv-2.15.so
7f74af7db000-7f74af7dd000 rw-p 00000000 00:00 0 
7f74af7dd000-7f74af7e4000 r-xp 00000000 08:01 1573697                    /lib/x86_64-linux-gnu/libnss_dns-2.15.so
7f74af7e4000-7f74af9e3000 ---p 00007000 08:01 1573697                    /lib/x86_64-linux-gnu/libnss_dns-2.15.so
7f74af9e3000-7f74af9e4000 r--p 00006000 08:01 1573697                    /lib/x86_64-linux-gnu/libnss_dns-2.15.so
7f74af9e4000-7f74af9e5000 rw-p 00007000 08:01 1573697                    /lib/x86_64-linux-gnu/libnss_dns-2.15.so
7f74af9e5000-7f74af9e7000 r-xp 00000000 08:01 1572918                    /lib/libnss_mdns4_minimal.so.2
7f74af9e7000-7f74afbe6000 ---p 00002000 08:01 1572918                    /lib/libnss_mdns4_minimal.so.2
7f74afbe6000-7f74afbe7000 r--p 00001000 08:01 1572918                    /lib/libnss_mdns4_minimal.so.2
7f74afbe7000-7f74afbe8000 rw-p 00002000 08:01 1572918                    /lib/libnss_mdns4_minimal.so.2
7f74afbe8000-7f74afbeb000 ---p 00000000 00:00 0 
7f74afbeb000-7f74afce9000 rw-p 00000000 00:00 0                          [stack:57028]
7f74afce9000-7f74afcec000 ---p 00000000 00:00 0 
7f74afcec000-7f74afdea000 rw-p 00000000 00:00 0                          [stack:57027]
7f74afdea000-7f74afdff000 r-xp 00000000 08:01 1576563                    /lib/x86_64-linux-gnu/libgcc_s.so.1
7f74afdff000-7f74afffe000 ---p 00015000 08:01 1576563                    /lib/x86_64-linux-gnu/libgcc_s.so.1
7f74afffe000-7f74affff000 r--p 00014000 08:01 1576563                    /lib/x86_64-linux-gnu/libgcc_s.so.1
7f74affff000-7f74b0000000 rw-p 00015000 08:01 1576563                    /lib/x86_64-linux-gnu/libgcc_s.so.1
7f74b0000000-7f74b0025000 rw-p 00000000 00:00 0 
7f74b0025000-7f74b4000000 ---p 00000000 00:00 0 
7f74b405e000-7f74b4062000 r--s 000f7000 08:01 263938                     /opt/jdk1.7.0_45/jre/lib/ext/localedata.jar
7f74b4062000-7f74b406d000 r--s 0037c000 08:01 263274                     /opt/jdk1.7.0_45/jre/lib/charsets.jar
7f74b406d000-7f74b4071000 r--s 0002d000 08:01 263941                     /opt/jdk1.7.0_45/jre/lib/ext/sunjce_provider.jar
7f74b4071000-7f74b40a3000 r-xp 00000000 08:01 263992                     /opt/jdk1.7.0_45/jre/lib/amd64/libsunec.so
7f74b40a3000-7f74b42a2000 ---p 00032000 08:01 263992                     /opt/jdk1.7.0_45/jre/lib/amd64/libsunec.so
7f74b42a2000-7f74b42a8000 rw-p 00031000 08:01 263992                     /opt/jdk1.7.0_45/jre/lib/amd64/libsunec.so
7f74b42a8000-7f74b42b8000 rw-p 00000000 00:00 0 
7f74b42b8000-7f74b42b9000 r--s 00003000 08:01 263939                     /opt/jdk1.7.0_45/jre/lib/ext/sunec.jar
7f74b42b9000-7f74b42bb000 r--s 00019000 08:01 263838                     /opt/jdk1.7.0_45/jre/lib/jce.jar
7f74b42bb000-7f74b42be000 ---p 00000000 00:00 0 
7f74b42be000-7f74b43bc000 rw-p 00000000 00:00 0                          [stack:57026]
7f74b43bc000-7f74b43bf000 ---p 00000000 00:00 0 
7f74b43bf000-7f74b44bd000 rw-p 00000000 00:00 0                          [stack:57025]
7f74b44bd000-7f74b44c0000 ---p 00000000 00:00 0 
7f74b44c0000-7f74b45be000 rw-p 00000000 00:00 0                          [stack:57024]
7f74b45be000-7f74b45c1000 ---p 00000000 00:00 0 
7f74b45c1000-7f74b46bf000 rw-p 00000000 00:00 0                          [stack:57023]
7f74b46bf000-7f74b46c2000 ---p 00000000 00:00 0 
7f74b46c2000-7f74b47c0000 rw-p 00000000 00:00 0                          [stack:57021]
7f74b47c0000-7f74b47c3000 ---p 00000000 00:00 0 
7f74b47c3000-7f74b48c1000 rw-p 00000000 00:00 0                          [stack:57020]
7f74b48c1000-7f74b48c4000 ---p 00000000 00:00 0 
7f74b48c4000-7f74b49c2000 rw-p 00000000 00:00 0                          [stack:57019]
7f74b49c2000-7f74b49c5000 ---p 00000000 00:00 0 
7f74b49c5000-7f74b4ac3000 rw-p 00000000 00:00 0                          [stack:57018]
7f74b4ac3000-7f74b4ac6000 ---p 00000000 00:00 0 
7f74b4ac6000-7f74b4bc4000 rw-p 00000000 00:00 0                          [stack:57017]
7f74b4bc4000-7f74b4bc7000 ---p 00000000 00:00 0 
7f74b4bc7000-7f74b4cc5000 rw-p 00000000 00:00 0                          [stack:57016]
7f74b4cc5000-7f74b4ccd000 r-xp 00000000 08:01 263985                     /opt/jdk1.7.0_45/jre/lib/amd64/libmanagement.so
7f74b4ccd000-7f74b4ecc000 ---p 00008000 08:01 263985                     /opt/jdk1.7.0_45/jre/lib/amd64/libmanagement.so
7f74b4ecc000-7f74b4ecd000 rw-p 00007000 08:01 263985                     /opt/jdk1.7.0_45/jre/lib/amd64/libmanagement.so
7f74b4ecd000-7f74b4ed1000 r--s 0008a000 08:01 263948                     /opt/jdk1.7.0_45/jre/lib/jsse.jar
7f74b4ed1000-7f74b4ee1000 r-xp 00000000 08:01 264032                     /opt/jdk1.7.0_45/jre/lib/amd64/libnio.so
7f74b4ee1000-7f74b50e1000 ---p 00010000 08:01 264032                     /opt/jdk1.7.0_45/jre/lib/amd64/libnio.so
7f74b50e1000-7f74b50e2000 rw-p 00010000 08:01 264032                     /opt/jdk1.7.0_45/jre/lib/amd64/libnio.so
7f74b50e2000-7f74b50f8000 r-xp 00000000 08:01 263983                     /opt/jdk1.7.0_45/jre/lib/amd64/libnet.so
7f74b50f8000-7f74b52f8000 ---p 00016000 08:01 263983                     /opt/jdk1.7.0_45/jre/lib/amd64/libnet.so
7f74b52f8000-7f74b52f9000 rw-p 00016000 08:01 263983                     /opt/jdk1.7.0_45/jre/lib/amd64/libnet.so
7f74b52f9000-7f74b5303000 r--s 00250000 08:01 263866                     /opt/jdk1.7.0_45/jre/lib/resources.jar
7f74b5303000-7f74b532d000 r--s 001e9000 08:01 1315532                    /home/zhufb/.m2/repository/com/google/guava/guava/15.0/guava-15.0.jar
7f74b532d000-7f74b5335000 r--s 00028000 08:01 1312536                    /home/zhufb/.m2/repository/xml-apis/xml-apis/1.3.04/xml-apis-1.3.04.jar
7f74b5335000-7f74b533a000 r--s 00048000 08:01 657094                     /home/zhufb/.m2/repository/dom4j/dom4j/1.6.1/dom4j-1.6.1.jar
7f74b533a000-7f74b5343000 r--s 00095000 08:01 657093                     /home/zhufb/.m2/repository/javassist/javassist/3.12.1.GA/javassist-3.12.1.GA.jar
7f74b5343000-7f74b5346000 r--s 00017000 08:01 657092                     /home/zhufb/.m2/repository/org/reflections/reflections/0.9.8/reflections-0.9.8.jar
7f74b5346000-7f74b534b000 r--s 00041000 08:01 657091                     /home/zhufb/.m2/repository/commons-lang/commons-lang/2.6/commons-lang-2.6.jar
7f74b534b000-7f74b5350000 r--s 00034000 08:01 657090                     /home/zhufb/.m2/repository/commons-beanutils/commons-beanutils/1.8.0/commons-beanutils-1.8.0.jar
7f74b5350000-7f74b5353000 r--s 00013000 08:01 657089                     /home/zhufb/.m2/repository/net/sf/ezmorph/ezmorph/1.0.6/ezmorph-1.0.6.jar
7f74b5353000-7f74b5361000 r--s 0007f000 08:01 657088                     /home/zhufb/.m2/repository/commons-collections/commons-collections/3.2.1/commons-collections-3.2.1.jar
7f74b5361000-7f74b5364000 r--s 00024000 08:01 657087                     /home/zhufb/.m2/repository/net/sf/json-lib/json-lib/2.4/json-lib-2.4-jdk15.jar
7f74b5364000-7f74b5366000 r--s 0000e000 08:01 657086                     /home/zhufb/.m2/repository/javax/activation/activation/1.1/activation-1.1.jar
7f74b5366000-7f74b536e000 r--s 00075000 08:01 657085                     /home/zhufb/.m2/repository/javax/mail/mail/1.4.5/mail-1.4.5.jar
7f74b536e000-7f74b5374000 r--s 00038000 08:01 658142                     /home/zhufb/.m2/repository/ch/qos/logback/logback-classic/1.0.6/logback-classic-1.0.6.jar
7f74b5374000-7f74b537d000 r--s 0004d000 08:01 658141                     /home/zhufb/.m2/repository/ch/qos/logback/logback-core/1.0.6/logback-core-1.0.6.jar
7f74b537d000-7f74b537f000 r--s 00000000 08:01 658140                     /home/zhufb/.m2/repository/org/slf4j/jul-to-slf4j/1.6.1/jul-to-slf4j-1.6.1.jar
7f74b537f000-7f74b5381000 r--s 00002000 08:01 658139                     /home/zhufb/.m2/repository/org/slf4j/log4j-over-slf4j/1.6.1/log4j-over-slf4j-1.6.1.jar
7f74b5381000-7f74b5383000 r--s 00003000 08:01 658138                     /home/zhufb/.m2/repository/org/slf4j/jcl-over-slf4j/1.6.1/jcl-over-slf4j-1.6.1.jar
7f74b5383000-7f74b5385000 r--s 00005000 08:01 657097                     /home/zhufb/.m2/repository/org/slf4j/slf4j-api/1.6.1/slf4j-api-1.6.1.jar
7f74b5385000-7f74b538d000 r--s 00075000 08:01 658499                     /home/zhufb/.m2/repository/com/sun/mail/javax.mail/1.4.5/javax.mail-1.4.5.jar
7f74b538d000-7f74b5393000 r--s 00045000 08:01 1051779                    /home/zhufb/.m2/repository/commons-httpclient/commons-httpclient/3.1/commons-httpclient-3.1.jar
7f74b5393000-7f74b5395000 r--s 0000a000 08:01 1051934                    /home/zhufb/.m2/repository/commons-codec/commons-codec/1.3/commons-codec-1.3.jar
7f74b5395000-7f74b5397000 r--s 0000c000 08:01 1311774                    /home/zhufb/.m2/repository/org/twitter4j/twitter4j-stream/3.0.3/twitter4j-stream-3.0.3.jar
7f74b5397000-7f74b539c000 r--s 00045000 08:01 1311768                    /home/zhufb/.m2/repository/org/twitter4j/twitter4j-core/3.0.3/twitter4j-core-3.0.3.jar
7f74b539c000-7f74b53ab000 r--s 000b1000 08:01 1051339                    /home/zhufb/.m2/repository/org/jboss/netty/netty/3.2.2.Final/netty-3.2.2.Final.jar
7f74b53ab000-7f74b53ad000 r--s 00014000 08:01 1051338                    /home/zhufb/.m2/repository/jline/jline/0.9.94/jline-0.9.94.jar
7f74b53ad000-7f74b53b9000 r--s 000b3000 08:01 1051337                    /home/zhufb/.m2/repository/org/apache/zookeeper/zookeeper/3.4.5/zookeeper-3.4.5.jar
7f74b53b9000-7f74b53bd000 r--s 00014000 08:01 657324                     /home/zhufb/.m2/repository/org/tukaani/xz/1.0/xz-1.0.jar
7f74b53bd000-7f74b53c2000 r--s 00036000 08:01 657323                     /home/zhufb/.m2/repository/org/apache/commons/commons-compress/1.4.1/commons-compress-1.4.1.jar
7f74b53c2000-7f74b53c4000 r--s 00006000 08:01 657322                     /home/zhufb/.m2/repository/com/wordnik/common-utils_2.9.1/1.1.1/common-utils_2.9.1-1.1.1.jar
7f74b53c4000-7f74b53c6000 r--s 0000a000 08:01 657321                     /home/zhufb/.m2/repository/com/wordnik/mongo-admin-utils_2.9.1/1.1.1/mongo-admin-utils_2.9.1-1.1.1.jar
7f74b53c6000-7f74b53cb000 r--s 00043000 08:01 657320                     /home/zhufb/.m2/repository/org/mongodb/mongo-java-driver/2.7.3/mongo-java-driver-2.7.3.jar
7f74b53cb000-7f74b53cd000 r--s 00004000 08:01 1051378                    /home/zhufb/.m2/repository/com/lakeside/lakeside-data-mongo/1.0.0-SNAPSHOT/lakeside-data-mongo-1.0.0-SNAPSHOT.jar
7f74b53cd000-7f74b53cf000 r--s 00002000 08:01 924469                     /home/zhufb/.m2/repository/com/framework/framework-db-mongo/1.0.0-SNAPSHOT/framework-db-mongo-1.0.0-SNAPSHOT.jar
7f74b53cf000-7f74b53d6000 r--s 0004c000 08:01 1051341                    /home/zhufb/.m2/repository/org/apache/thrift/libthrift/0.8.0/libthrift-0.8.0.jar
7f74b53d6000-7f74b53d7000 r--s 0001a000 08:01 1051340                    /home/zhufb/.m2/repository/org/apache/directory/studio/org.apache.commons.pool/1.6/org.apache.commons.pool-1.6.jar
7f74b53d7000-7f74b53d9000 r--s 00005000 08:01 1051336                    /home/zhufb/.m2/repository/stax/stax-api/1.0.1/stax-api-1.0.1.jar
7f74b53d9000-7f74b53dc000 r--s 00013000 08:01 1051335                    /home/zhufb/.m2/repository/javax/xml/bind/jaxb-api/2.1/jaxb-api-2.1.jar
7f74b53dc000-7f74b53e6000 r--s 00066000 08:01 1051334                    /home/zhufb/.m2/repository/com/sun/jersey/jersey-core/1.8/jersey-core-1.8.jar
7f74b53e6000-7f74b53ec000 r--s 00068000 08:01 1051333                    /home/zhufb/.m2/repository/com/google/protobuf/protobuf-java/2.4.0a/protobuf-java-2.4.0a.jar
7f74b53ec000-7f74b53ee000 r--s 00004000 08:01 1051332                    /home/zhufb/.m2/repository/org/jamon/jamon-runtime/2.3.1/jamon-runtime-2.3.1.jar
7f74b53ee000-7f74b53ef000 r--s 00007000 08:01 1051331                    /home/zhufb/.m2/repository/org/codehaus/jackson/jackson-xc/1.8.8/jackson-xc-1.8.8.jar
7f74b53ef000-7f74b53f0000 r--s 00004000 08:01 1051330                    /home/zhufb/.m2/repository/org/codehaus/jackson/jackson-jaxrs/1.8.8/jackson-jaxrs-1.8.8.jar
7f74b53f0000-7f74b53f4000 r--s 00034000 08:01 1051329                    /home/zhufb/.m2/repository/org/codehaus/jackson/jackson-core-asl/1.8.8/jackson-core-asl-1.8.8.jar
7f74b53f4000-7f74b53fc000 r--s 00066000 08:01 1051309                    /home/zhufb/.m2/repository/org/apache/velocity/velocity/1.7/velocity-1.7.jar
7f74b53fc000-7f74b5400000 r--s 00026000 08:01 1051328                    /home/zhufb/.m2/repository/org/apache/avro/avro-ipc/1.5.3/avro-ipc-1.5.3.jar
7f74b5400000-7f74b5402000 r--s 000f2000 08:01 1051327                    /home/zhufb/.m2/repository/org/xerial/snappy/snappy-java/1.0.3.2/snappy-java-1.0.3.2.jar
7f74b5402000-7f74b5408000 r--s 0003b000 08:01 1051326                    /home/zhufb/.m2/repository/org/apache/avro/avro/1.5.3/avro-1.5.3.jar
7f74b5408000-7f74b540b000 r--s 00025000 08:01 1051324                    /home/zhufb/.m2/repository/commons-io/commons-io/2.1/commons-io-2.1.jar
7f74b540b000-7f74b540e000 r--s 00015000 08:01 1051323                    /home/zhufb/.m2/repository/com/github/stephenc/high-scale-lib/high-scale-lib/1.1.1/high-scale-lib-1.1.1.jar
7f74b540e000-7f74b5411000 r--s 00012000 08:01 1051322                    /home/zhufb/.m2/repository/com/yammer/metrics/metrics-core/2.1.2/metrics-core-2.1.2.jar
7f74b5411000-7f74b5457000 r--s 0044f000 08:01 923338                     /home/zhufb/.m2/repository/org/apache/hbase/hbase/0.94.5/hbase-0.94.5.jar
7f74b5457000-7f74b547a000 r--s 00344000 08:01 1051321                    /home/zhufb/.m2/repository/org/eclipse/jdt/core/3.1.1/core-3.1.1.jar
7f74b547a000-7f74b547c000 r--s 0000e000 08:01 1051320                    /home/zhufb/.m2/repository/oro/oro/2.0.8/oro-2.0.8.jar
7f74b547c000-7f74b5485000 r--s 000a4000 08:01 1051319                    /home/zhufb/.m2/repository/hsqldb/hsqldb/1.8.0.10/hsqldb-1.8.0.10.jar
7f74b5485000-7f74b5486000 r--s 00002000 08:01 923337                     /home/zhufb/.m2/repository/net/sf/kosmosfs/kfs/0.3/kfs-0.3.jar
7f74b5486000-7f74b548c000 r--s 00057000 08:01 923336                     /home/zhufb/.m2/repository/net/java/dev/jets3t/jets3t/0.7.1/jets3t-0.7.1.jar
7f74b548c000-7f74b548f000 r--s 00019000 08:01 1051318                    /home/zhufb/.m2/repository/commons-el/commons-el/1.0/commons-el-1.0.jar
7f74b548f000-7f74b5494000 r--s 00028000 08:01 1051317                    /home/zhufb/.m2/repository/commons-net/commons-net/1.4.1/commons-net-1.4.1.jar
7f74b5494000-7f74b54cb000 r--s 00389000 08:01 658360                     /home/zhufb/.m2/repository/org/apache/hadoop/hadoop-core/1.0.4/hadoop-core-1.0.4.jar
7f74b54cb000-7f74b54cf000 r--s 00020000 08:01 924404                     /home/zhufb/.m2/repository/com/framework/framework-db-hbase/1.0.0-SNAPSHOT/framework-db-hbase-1.0.0-SNAPSHOT.jar
7f74b54cf000-7f74b54dd000 r--s 00080000 08:01 657579                     /home/zhufb/.m2/repository/com/mchange/mchange-commons-java/0.2.3.3/mchange-commons-java-0.2.3.3.jar
7f74b54dd000-7f74b54e4000 r--s 00061000 08:01 657578                     /home/zhufb/.m2/repository/com/mchange/c3p0/0.9.2-pre8/c3p0-0.9.2-pre8.jar
7f74b54e4000-7f74b54eb000 r--s 000bd000 08:01 1049575                    /home/zhufb/.m2/repository/mysql/mysql-connector-java/5.1.19/mysql-connector-java-5.1.19.jar
7f74b54eb000-7f74b54ee000 r--s 00016000 08:01 657367                     /home/zhufb/.m2/repository/commons-pool/commons-pool/1.5.5/commons-pool-1.5.5.jar
7f74b54ee000-7f74b54f1000 r--s 00020000 08:01 657366                     /home/zhufb/.m2/repository/redis/clients/jedis/2.1.0/jedis-2.1.0.jar
7f74b54f1000-7f74b54f2000 ---p 00000000 00:00 0 
7f74b54f2000-7f74b55f2000 rw-p 00000000 00:00 0                          [stack:57015]
7f74b55f2000-7f74b55f5000 ---p 00000000 00:00 0 
7f74b55f5000-7f74b56f3000 rw-p 00000000 00:00 0                          [stack:57014]
7f74b56f3000-7f74b56f6000 ---p 00000000 00:00 0 
7f74b56f6000-7f74b57f4000 rw-p 00000000 00:00 0                          [stack:57013]
7f74b57f4000-7f74b57f7000 ---p 00000000 00:00 0 
7f74b57f7000-7f74b58f5000 rw-p 00000000 00:00 0                          [stack:57012]
7f74b58f5000-7f74b58f8000 ---p 00000000 00:00 0 
7f74b58f8000-7f74b59f6000 rw-p 00000000 00:00 0                          [stack:57009]
7f74b59f6000-7f74b59f9000 ---p 00000000 00:00 0 
7f74b59f9000-7f74b5af7000 rw-p 00000000 00:00 0                          [stack:57008]
7f74b5af7000-7f74b5afa000 ---p 00000000 00:00 0 
7f74b5afa000-7f74b5bf8000 rw-p 00000000 00:00 0                          [stack:57005]
7f74b5bf8000-7f74b5bfc000 r-xp 00000000 08:01 263996                     /opt/jdk1.7.0_45/jre/lib/amd64/libdt_socket.so
7f74b5bfc000-7f74b5dfb000 ---p 00004000 08:01 263996                     /opt/jdk1.7.0_45/jre/lib/amd64/libdt_socket.so
7f74b5dfb000-7f74b5dfc000 rw-p 00003000 08:01 263996                     /opt/jdk1.7.0_45/jre/lib/amd64/libdt_socket.so
7f74b5dfc000-7f74b5dff000 ---p 00000000 00:00 0 
7f74b5dff000-7f74b5efd000 rw-p 00000000 00:00 0                          [stack:57002]
7f74b5efd000-7f74b5f00000 ---p 00000000 00:00 0 
7f74b5f00000-7f74b5ffe000 rw-p 00000000 00:00 0                          [stack:57001]
7f74b5ffe000-7f74b6001000 ---p 00000000 00:00 0 
7f74b6001000-7f74b60ff000 rw-p 00000000 00:00 0                          [stack:57000]
7f74b60ff000-7f74b6100000 ---p 00000000 00:00 0 
7f74b6100000-7f74b7e44000 rw-p 00000000 00:00 0                          [stack:56999]
7f74b7e44000-7f74b8000000 r--s 039b2000 08:01 263747                     /opt/jdk1.7.0_45/jre/lib/rt.jar
7f74b8000000-7f74b8021000 rw-p 00000000 00:00 0 
7f74b8021000-7f74bc000000 ---p 00000000 00:00 0 
7f74bc000000-7f74bc021000 rw-p 00000000 00:00 0 
7f74bc021000-7f74c0000000 ---p 00000000 00:00 0 
7f74c0000000-7f74c0021000 rw-p 00000000 00:00 0 
7f74c0021000-7f74c4000000 ---p 00000000 00:00 0 
7f74c4002000-7f74c4004000 r--s 00007000 08:01 1180193                    /home/zhufb/.m2/repository/com/lakeside/lakeside-data-redis/1.0.0-SNAPSHOT/lakeside-data-redis-1.0.0-SNAPSHOT.jar
7f74c4004000-7f74c4008000 r--s 00027000 08:01 657577                     /home/zhufb/.m2/repository/org/springframework/spring-expression/3.1.2.RELEASE/spring-expression-3.1.2.RELEASE.jar
7f74c4008000-7f74c401d000 r--s 000b7000 08:01 657576                     /home/zhufb/.m2/repository/org/springframework/spring-context/3.1.2.RELEASE/spring-context-3.1.2.RELEASE.jar
7f74c401d000-7f74c4026000 r--s 00049000 08:01 657575                     /home/zhufb/.m2/repository/org/springframework/spring-aop/3.1.2.RELEASE/spring-aop-3.1.2.RELEASE.jar
7f74c4026000-7f74c4028000 r--s 00000000 08:01 657574                     /home/zhufb/.m2/repository/aopalliance/aopalliance/1.0/aopalliance-1.0.jar
7f74c4028000-7f74c402f000 r--s 00035000 08:01 657573                     /home/zhufb/.m2/repository/org/springframework/spring-tx/3.1.2.RELEASE/spring-tx-3.1.2.RELEASE.jar
7f74c402f000-7f74c4030000 r--s 0000c000 08:01 657571                     /home/zhufb/.m2/repository/org/springframework/spring-asm/3.1.2.RELEASE/spring-asm-3.1.2.RELEASE.jar
7f74c4030000-7f74c403a000 r--s 00064000 08:01 657570                     /home/zhufb/.m2/repository/org/springframework/spring-core/3.1.2.RELEASE/spring-core-3.1.2.RELEASE.jar
7f74c403a000-7f74c4046000 r--s 00085000 08:01 657569                     /home/zhufb/.m2/repository/org/springframework/spring-beans/3.1.2.RELEASE/spring-beans-3.1.2.RELEASE.jar
7f74c4046000-7f74c4050000 r--s 00059000 08:01 657568                     /home/zhufb/.m2/repository/org/springframework/spring-jdbc/3.1.2.RELEASE/spring-jdbc-3.1.2.RELEASE.jar
7f74c4050000-7f74c4051000 r--s 00003000 08:01 657567                     /home/zhufb/.m2/repository/javax/transaction/jta/1.1/jta-1.1.jar
7f74c4051000-7f74c4056000 r--s 00015000 08:01 657566                     /home/zhufb/.m2/repository/org/hibernate/javax/persistence/hibernate-jpa-2.0-api/1.0.1.Final/hibernate-jpa-2.0-api-1.0.1.Final.jar
7f74c4056000-7f74c455e000 rw-p 00000000 00:00 0 
7f74c455e000-7f74c455f000 ---p 00000000 00:00 0 
7f74c455f000-7f74c465f000 rw-p 00000000 00:00 0                          [stack:56998]
7f74c465f000-7f74c4660000 ---p 00000000 00:00 0 
7f74c4660000-7f74c4760000 rw-p 00000000 00:00 0                          [stack:56997]
7f74c4760000-7f74c4761000 ---p 00000000 00:00 0 
7f74c4761000-7f74c4861000 rw-p 00000000 00:00 0                          [stack:56996]
7f74c4861000-7f74c4862000 ---p 00000000 00:00 0 
7f74c4862000-7f74c4962000 rw-p 00000000 00:00 0                          [stack:56995]
7f74c4962000-7f74c4963000 ---p 00000000 00:00 0 
7f74c4963000-7f74c4a63000 rw-p 00000000 00:00 0                          [stack:56994]
7f74c4a63000-7f74c4a64000 ---p 00000000 00:00 0 
7f74c4a64000-7f74c4b64000 rw-p 00000000 00:00 0                          [stack:56993]
7f74c4b64000-7f74c4b65000 ---p 00000000 00:00 0 
7f74c4b65000-7f74c4c65000 rw-p 00000000 00:00 0                          [stack:56992]
7f74c4c65000-7f74c4c66000 ---p 00000000 00:00 0 
7f74c4c66000-7f74c4d84000 rw-p 00000000 00:00 0                          [stack:56991]
7f74c4d84000-7f74c4d90000 ---p 00000000 00:00 0 
7f74c4d90000-7f74c5000000 rw-p 00000000 00:00 0 
7f74c5000000-7f74c5400000 rwxp 00000000 00:00 0 
7f74c5400000-7f74c8683000 rw-p 00000000 00:00 0 
7f74c8683000-7f74cc000000 ---p 00000000 00:00 0 
7f74cc001000-7f74cc004000 r--s 0000f000 08:01 657565                     /home/zhufb/.m2/repository/org/hibernate/hibernate-commons-annotations/3.2.0.Final/hibernate-commons-annotations-3.2.0.Final.jar
7f74cc004000-7f74cc00a000 r--s 00067000 08:01 657563                     /home/zhufb/.m2/repository/antlr/antlr/2.7.6/antlr-2.7.6.jar
7f74cc00a000-7f74cc03c000 r--s 002c7000 08:01 657562                     /home/zhufb/.m2/repository/org/hibernate/hibernate-core/3.6.6.Final/hibernate-core-3.6.6.Final.jar
7f74cc03c000-7f74cc047000 r--s 00084000 08:01 1183721                    /home/zhufb/.m2/repository/org/apache/httpcomponents/httpclient/4.3/httpclient-4.3.jar
7f74cc048000-7f74cc04a000 r--s 00001000 08:01 263943                     /opt/jdk1.7.0_45/jre/lib/ext/dnsns.jar
7f74cc04a000-7f74cc04e000 r--s 0002f000 08:01 788452                     /home/zhufb/.m2/repository/commons-beanutils/commons-beanutils-core/1.8.0/commons-beanutils-core-1.8.0.jar
7f74cc04e000-7f74cc052000 r--s 00020000 08:01 1051316                    /home/zhufb/.m2/repository/commons-digester/commons-digester/1.8/commons-digester-1.8.jar
7f74cc052000-7f74cc058000 r--s 00043000 08:01 1051315                    /home/zhufb/.m2/repository/commons-configuration/commons-configuration/1.6/commons-configuration-1.6.jar
7f74cc058000-7f74cc069000 r--s 000bb000 08:01 788451                     /home/zhufb/.m2/repository/org/apache/commons/commons-math/2.1/commons-math-2.1.jar
7f74cc069000-7f74cc06a000 r--s 00003000 08:01 1051312                    /home/zhufb/.m2/repository/xmlenc/xmlenc/0.52/xmlenc-0.52.jar
7f74cc06a000-7f74cc06c000 r--s 00009000 08:01 658361                     /home/zhufb/.m2/repository/commons-cli/commons-cli/1.2/commons-cli-1.2.jar
7f74cc06c000-7f74cc06e000 r--s 00006000 08:01 924405                     /home/zhufb/.m2/repository/com/framework/framework-config/1.0.0-SNAPSHOT/framework-config-1.0.0-SNAPSHOT.jar
7f74cc06e000-7f74cc070000 r--s 00008000 08:01 1311820                    /home/zhufb/.m2/repository/org/apache/httpcomponents/httpmime/4.3/httpmime-4.3.jar
7f74cc070000-7f74cc072000 r--s 0000e000 08:01 923992                     /home/zhufb/.m2/repository/commons-logging/commons-logging/1.1.3/commons-logging-1.1.3.jar
7f74cc072000-7f74cc078000 r--s 0003f000 08:01 1053476                    /home/zhufb/.m2/repository/org/apache/httpcomponents/httpcore/4.3/httpcore-4.3.jar
7f74cc078000-7f74cc07f000 r--s 00053000 08:01 1049142                    /home/zhufb/.m2/repository/log4j/log4j/1.2.14/log4j-1.2.14.jar
7f74cc07f000-7f74cc086000 r--s 00000000 08:01 2762757                    /usr/lib/x86_64-linux-gnu/gconv/gconv-modules.cache
7f74cc086000-7f74cc115000 rw-p 00000000 00:00 0 
7f74cc115000-7f74cc123000 rw-p 00000000 00:00 0 
7f74cc123000-7f74cc141000 rw-p 00000000 00:00 0 
7f74cc141000-7f74cc14d000 ---p 00000000 00:00 0 
7f74cc14d000-7f74cc3bc000 rw-p 00000000 00:00 0 
7f74cc3bc000-7f74cc479000 rw-p 00000000 00:00 0 
7f74cc479000-7f74cc509000 ---p 00000000 00:00 0 
7f74cc509000-7f74cc50a000 rw-p 00000000 00:00 0 
7f74cc50a000-7f74cc524000 r-xp 00000000 08:01 264008                     /opt/jdk1.7.0_45/jre/lib/amd64/libzip.so
7f74cc524000-7f74cc724000 ---p 0001a000 08:01 264008                     /opt/jdk1.7.0_45/jre/lib/amd64/libzip.so
7f74cc724000-7f74cc725000 rw-p 0001a000 08:01 264008                     /opt/jdk1.7.0_45/jre/lib/amd64/libzip.so
7f74cc725000-7f74cc731000 r-xp 00000000 08:01 1573695                    /lib/x86_64-linux-gnu/libnss_files-2.15.so
7f74cc731000-7f74cc930000 ---p 0000c000 08:01 1573695                    /lib/x86_64-linux-gnu/libnss_files-2.15.so
7f74cc930000-7f74cc931000 r--p 0000b000 08:01 1573695                    /lib/x86_64-linux-gnu/libnss_files-2.15.so
7f74cc931000-7f74cc932000 rw-p 0000c000 08:01 1573695                    /lib/x86_64-linux-gnu/libnss_files-2.15.so
7f74cc932000-7f74cc93c000 r-xp 00000000 08:01 1573700                    /lib/x86_64-linux-gnu/libnss_nis-2.15.so
7f74cc93c000-7f74ccb3c000 ---p 0000a000 08:01 1573700                    /lib/x86_64-linux-gnu/libnss_nis-2.15.so
7f74ccb3c000-7f74ccb3d000 r--p 0000a000 08:01 1573700                    /lib/x86_64-linux-gnu/libnss_nis-2.15.so
7f74ccb3d000-7f74ccb3e000 rw-p 0000b000 08:01 1573700                    /lib/x86_64-linux-gnu/libnss_nis-2.15.so
7f74ccb3e000-7f74ccb55000 r-xp 00000000 08:01 1576756                    /lib/x86_64-linux-gnu/libnsl-2.15.so
7f74ccb55000-7f74ccd54000 ---p 00017000 08:01 1576756                    /lib/x86_64-linux-gnu/libnsl-2.15.so
7f74ccd54000-7f74ccd55000 r--p 00016000 08:01 1576756                    /lib/x86_64-linux-gnu/libnsl-2.15.so
7f74ccd55000-7f74ccd56000 rw-p 00017000 08:01 1576756                    /lib/x86_64-linux-gnu/libnsl-2.15.so
7f74ccd56000-7f74ccd58000 rw-p 00000000 00:00 0 
7f74ccd58000-7f74ccd60000 r-xp 00000000 08:01 1573693                    /lib/x86_64-linux-gnu/libnss_compat-2.15.so
7f74ccd60000-7f74ccf5f000 ---p 00008000 08:01 1573693                    /lib/x86_64-linux-gnu/libnss_compat-2.15.so
7f74ccf5f000-7f74ccf60000 r--p 00007000 08:01 1573693                    /lib/x86_64-linux-gnu/libnss_compat-2.15.so
7f74ccf60000-7f74ccf61000 rw-p 00008000 08:01 1573693                    /lib/x86_64-linux-gnu/libnss_compat-2.15.so
7f74ccf61000-7f74cd644000 r--p 00000000 08:01 2497251                    /usr/lib/locale/locale-archive
7f74cd644000-7f74cd647000 r-xp 00000000 08:01 264015                     /opt/jdk1.7.0_45/jre/lib/amd64/libnpt.so
7f74cd647000-7f74cd846000 ---p 00003000 08:01 264015                     /opt/jdk1.7.0_45/jre/lib/amd64/libnpt.so
7f74cd846000-7f74cd847000 rw-p 00002000 08:01 264015                     /opt/jdk1.7.0_45/jre/lib/amd64/libnpt.so
7f74cd847000-7f74cd880000 r-xp 00000000 08:01 263994                     /opt/jdk1.7.0_45/jre/lib/amd64/libjdwp.so
7f74cd880000-7f74cda80000 ---p 00039000 08:01 263994                     /opt/jdk1.7.0_45/jre/lib/amd64/libjdwp.so
7f74cda80000-7f74cda81000 rw-p 00039000 08:01 263994                     /opt/jdk1.7.0_45/jre/lib/amd64/libjdwp.so
7f74cda81000-7f74cda82000 rw-p 00000000 00:00 0 
7f74cda82000-7f74cdaab000 r-xp 00000000 08:01 263999                     /opt/jdk1.7.0_45/jre/lib/amd64/libjava.so
7f74cdaab000-7f74cdcab000 ---p 00029000 08:01 263999                     /opt/jdk1.7.0_45/jre/lib/amd64/libjava.so
7f74cdcab000-7f74cdcad000 rw-p 00029000 08:01 263999                     /opt/jdk1.7.0_45/jre/lib/amd64/libjava.so
7f74cdcad000-7f74cdcba000 r-xp 00000000 08:01 263988                     /opt/jdk1.7.0_45/jre/lib/amd64/libverify.so
7f74cdcba000-7f74cdeb9000 ---p 0000d000 08:01 263988                     /opt/jdk1.7.0_45/jre/lib/amd64/libverify.so
7f74cdeb9000-7f74cdebb000 rw-p 0000c000 08:01 263988                     /opt/jdk1.7.0_45/jre/lib/amd64/libverify.so
7f74cdebb000-7f74cdec2000 r-xp 00000000 08:01 1573699                    /lib/x86_64-linux-gnu/librt-2.15.so
7f74cdec2000-7f74ce0c1000 ---p 00007000 08:01 1573699                    /lib/x86_64-linux-gnu/librt-2.15.so
7f74ce0c1000-7f74ce0c2000 r--p 00006000 08:01 1573699                    /lib/x86_64-linux-gnu/librt-2.15.so
7f74ce0c2000-7f74ce0c3000 rw-p 00007000 08:01 1573699                    /lib/x86_64-linux-gnu/librt-2.15.so
7f74ce0c3000-7f74ce1be000 r-xp 00000000 08:01 1573703                    /lib/x86_64-linux-gnu/libm-2.15.so
7f74ce1be000-7f74ce3bd000 ---p 000fb000 08:01 1573703                    /lib/x86_64-linux-gnu/libm-2.15.so
7f74ce3bd000-7f74ce3be000 r--p 000fa000 08:01 1573703                    /lib/x86_64-linux-gnu/libm-2.15.so
7f74ce3be000-7f74ce3bf000 rw-p 000fb000 08:01 1573703                    /lib/x86_64-linux-gnu/libm-2.15.so
7f74ce3bf000-7f74cef21000 r-xp 00000000 08:01 264006                     /opt/jdk1.7.0_45/jre/lib/amd64/server/libjvm.so
7f74cef21000-7f74cf121000 ---p 00b62000 08:01 264006                     /opt/jdk1.7.0_45/jre/lib/amd64/server/libjvm.so
7f74cf121000-7f74cf1e4000 rw-p 00b62000 08:01 264006                     /opt/jdk1.7.0_45/jre/lib/amd64/server/libjvm.so
7f74cf1e4000-7f74cf225000 rw-p 00000000 00:00 0 
7f74cf225000-7f74cf3da000 r-xp 00000000 08:01 1573691                    /lib/x86_64-linux-gnu/libc-2.15.so
7f74cf3da000-7f74cf5da000 ---p 001b5000 08:01 1573691                    /lib/x86_64-linux-gnu/libc-2.15.so
7f74cf5da000-7f74cf5de000 r--p 001b5000 08:01 1573691                    /lib/x86_64-linux-gnu/libc-2.15.so
7f74cf5de000-7f74cf5e0000 rw-p 001b9000 08:01 1573691                    /lib/x86_64-linux-gnu/libc-2.15.so
7f74cf5e0000-7f74cf5e5000 rw-p 00000000 00:00 0 
7f74cf5e5000-7f74cf5e7000 r-xp 00000000 08:01 1576751                    /lib/x86_64-linux-gnu/libdl-2.15.so
7f74cf5e7000-7f74cf7e7000 ---p 00002000 08:01 1576751                    /lib/x86_64-linux-gnu/libdl-2.15.so
7f74cf7e7000-7f74cf7e8000 r--p 00002000 08:01 1576751                    /lib/x86_64-linux-gnu/libdl-2.15.so
7f74cf7e8000-7f74cf7e9000 rw-p 00003000 08:01 1576751                    /lib/x86_64-linux-gnu/libdl-2.15.so
7f74cf7e9000-7f74cf7ff000 r-xp 00000000 08:01 264028                     /opt/jdk1.7.0_45/jre/lib/amd64/jli/libjli.so
7f74cf7ff000-7f74cf9ff000 ---p 00016000 08:01 264028                     /opt/jdk1.7.0_45/jre/lib/amd64/jli/libjli.so
7f74cf9ff000-7f74cfa00000 rw-p 00016000 08:01 264028                     /opt/jdk1.7.0_45/jre/lib/amd64/jli/libjli.so
7f74cfa00000-7f74cfa18000 r-xp 00000000 08:01 1573701                    /lib/x86_64-linux-gnu/libpthread-2.15.so
7f74cfa18000-7f74cfc17000 ---p 00018000 08:01 1573701                    /lib/x86_64-linux-gnu/libpthread-2.15.so
7f74cfc17000-7f74cfc18000 r--p 00017000 08:01 1573701                    /lib/x86_64-linux-gnu/libpthread-2.15.so
7f74cfc18000-7f74cfc19000 rw-p 00018000 08:01 1573701                    /lib/x86_64-linux-gnu/libpthread-2.15.so
7f74cfc19000-7f74cfc1d000 rw-p 00000000 00:00 0 
7f74cfc1d000-7f74cfc3f000 r-xp 00000000 08:01 1573704                    /lib/x86_64-linux-gnu/ld-2.15.so
7f74cfc3f000-7f74cfc5a000 rw-p 00000000 00:00 0 
7f74cfc5a000-7f74cfc68000 rw-p 00000000 00:00 0 
7f74cfc68000-7f74cfc78000 rw-p 00000000 00:00 0 
7f74cfc78000-7f74cfd28000 rw-p 00000000 00:00 0 
7f74cfd28000-7f74cfd2b000 ---p 00000000 00:00 0 
7f74cfd2b000-7f74cfe2d000 rw-p 00000000 00:00 0                          [stack:56989]
7f74cfe2e000-7f74cfe33000 r--s 0003f000 08:01 1311811                    /home/zhufb/.m2/repository/org/jsoup/jsoup/1.7.1/jsoup-1.7.1.jar
7f74cfe33000-7f74cfe3b000 rw-s 00000000 08:01 2229882                    /tmp/hsperfdata_zhufb/56984
7f74cfe3b000-7f74cfe3c000 rw-p 00000000 00:00 0 
7f74cfe3c000-7f74cfe3d000 r--p 00000000 00:00 0 
7f74cfe3d000-7f74cfe3f000 rw-p 00000000 00:00 0 
7f74cfe3f000-7f74cfe40000 r--p 00022000 08:01 1573704                    /lib/x86_64-linux-gnu/ld-2.15.so
7f74cfe40000-7f74cfe42000 rw-p 00023000 08:01 1573704                    /lib/x86_64-linux-gnu/ld-2.15.so
7fffae7d8000-7fffae7fb000 rw-p 00000000 00:00 0                          [stack]
7fffae7ff000-7fffae800000 r-xp 00000000 00:00 0                          [vdso]
ffffffffff600000-ffffffffff601000 r-xp 00000000 00:00 0                  [vsyscall]

VM Arguments:
jvm_args: -agentlib:jdwp=transport=dt_socket,suspend=y,address=localhost:43025 -Dfile.encoding=UTF-8 
java_command: com.sdata.crawl.DataCrawl --name=common
Launcher Type: SUN_STANDARD

Environment Variables:
JAVA_HOME=/opt/jdk1.7.0_45
JRE_HOME=/opt/jdk1.7.0_45/jre
CLASSPATH=.::/opt/jdk1.7.0_45/lib:/opt/jdk1.7.0_45/jre/lib
PATH=/usr/lib/lightdm/lightdm:/usr/local/sbin:/usr/local/bin:/usr/sbin:/usr/bin:/sbin:/bin:/usr/games:/opt/jdk1.7.0_45/bin:/opt/jdk1.7.0_45/jre/bin:/opt/apache-maven-3.1.1/bin
SHELL=/bin/bash
DISPLAY=:0

Signal Handlers:
SIGSEGV: [libjvm.so+0x9935b0], sa_mask[0]=0x7ffbfeff, sa_flags=0x10000004
SIGBUS: [libjvm.so+0x9935b0], sa_mask[0]=0x7ffbfeff, sa_flags=0x10000004
SIGFPE: [libjvm.so+0x810330], sa_mask[0]=0x7ffbfeff, sa_flags=0x10000004
SIGPIPE: [libjvm.so+0x810330], sa_mask[0]=0x7ffbfeff, sa_flags=0x10000004
SIGXFSZ: [libjvm.so+0x810330], sa_mask[0]=0x7ffbfeff, sa_flags=0x10000004
SIGILL: [libjvm.so+0x810330], sa_mask[0]=0x7ffbfeff, sa_flags=0x10000004
SIGUSR1: SIG_DFL, sa_mask[0]=0x00000000, sa_flags=0x00000000
SIGUSR2: [libjvm.so+0x811820], sa_mask[0]=0x00000004, sa_flags=0x10000004
SIGHUP: [libjvm.so+0x812790], sa_mask[0]=0x7ffbfeff, sa_flags=0x10000004
SIGINT: [libjvm.so+0x812790], sa_mask[0]=0x7ffbfeff, sa_flags=0x10000004
SIGTERM: [libjvm.so+0x812790], sa_mask[0]=0x7ffbfeff, sa_flags=0x10000004
SIGQUIT: [libjvm.so+0x812790], sa_mask[0]=0x7ffbfeff, sa_flags=0x10000004


---------------  S Y S T E M  ---------------

OS:wheezy/sid

uname:Linux 3.5.0-43-generic #66~precise1-Ubuntu SMP Thu Oct 24 14:52:23 UTC 2013 x86_64
libc:glibc 2.15 NPTL 2.15 
rlimit: STACK 8192k, CORE 0k, NPROC 63691, NOFILE 4096, AS infinity
load average:1.20 1.22 1.05

/proc/meminfo:
MemTotal:        8171204 kB
MemFree:          382032 kB
Buffers:          140680 kB
Cached:          1762932 kB
SwapCached:         4876 kB
Active:          5351924 kB
Inactive:        2057580 kB
Active(anon):    4406384 kB
Inactive(anon):  1123228 kB
Active(file):     945540 kB
Inactive(file):   934352 kB
Unevictable:          32 kB
Mlocked:              32 kB
SwapTotal:       8385532 kB
SwapFree:        8321360 kB
Dirty:               308 kB
Writeback:             0 kB
AnonPages:       5501944 kB
Mapped:           174892 kB
Shmem:             23720 kB
Slab:             198288 kB
SReclaimable:     151460 kB
SUnreclaim:        46828 kB
KernelStack:        6896 kB
PageTables:        65784 kB
NFS_Unstable:          0 kB
Bounce:                0 kB
WritebackTmp:          0 kB
CommitLimit:    12471132 kB
Committed_AS:   10555448 kB
VmallocTotal:   34359738367 kB
VmallocUsed:      316172 kB
VmallocChunk:   34359419916 kB
HardwareCorrupted:     0 kB
AnonHugePages:         0 kB
HugePages_Total:       0
HugePages_Free:        0
HugePages_Rsvd:        0
HugePages_Surp:        0
Hugepagesize:       2048 kB
DirectMap4k:       71680 kB
DirectMap2M:     8316928 kB


CPU:total 8 (2 cores per cpu, 1 threads per core) family 6 model 42 stepping 7, cmov, cx8, fxsr, mmx, sse, sse2, sse3, ssse3, sse4.1, sse4.2, popcnt, avx, aes, tsc, tscinvbit

/proc/cpuinfo:
processor	: 0
vendor_id	: GenuineIntel
cpu family	: 6
model		: 42
model name	: Intel(R) Core(TM) i7-2600 CPU @ 3.40GHz
stepping	: 7
microcode	: 0x23
cpu MHz		: 3392.370
cache size	: 8192 KB
physical id	: 0
siblings	: 2
core id		: 0
cpu cores	: 2
apicid		: 0
initial apicid	: 0
fpu		: yes
fpu_exception	: yes
cpuid level	: 13
wp		: yes
flags		: fpu vme de pse tsc msr pae mce cx8 apic sep mtrr pge mca cmov pat pse36 clflush dts mmx fxsr sse sse2 ss ht syscall nx rdtscp lm constant_tsc arch_perfmon pebs bts nopl xtopology tsc_reliable nonstop_tsc aperfmperf pni pclmulqdq ssse3 cx16 pcid sse4_1 sse4_2 x2apic popcnt aes xsave avx hypervisor lahf_lm ida arat epb xsaveopt pln pts dtherm
bogomips	: 6784.74
clflush size	: 64
cache_alignment	: 64
address sizes	: 40 bits physical, 48 bits virtual
power management:

processor	: 1
vendor_id	: GenuineIntel
cpu family	: 6
model		: 42
model name	: Intel(R) Core(TM) i7-2600 CPU @ 3.40GHz
stepping	: 7
microcode	: 0x23
cpu MHz		: 3392.370
cache size	: 8192 KB
physical id	: 0
siblings	: 2
core id		: 1
cpu cores	: 2
apicid		: 1
initial apicid	: 1
fpu		: yes
fpu_exception	: yes
cpuid level	: 13
wp		: yes
flags		: fpu vme de pse tsc msr pae mce cx8 apic sep mtrr pge mca cmov pat pse36 clflush dts mmx fxsr sse sse2 ss ht syscall nx rdtscp lm constant_tsc arch_perfmon pebs bts nopl xtopology tsc_reliable nonstop_tsc aperfmperf pni pclmulqdq ssse3 cx16 pcid sse4_1 sse4_2 x2apic popcnt aes xsave avx hypervisor lahf_lm ida arat epb xsaveopt pln pts dtherm
bogomips	: 6784.74
clflush size	: 64
cache_alignment	: 64
address sizes	: 40 bits physical, 48 bits virtual
power management:

processor	: 2
vendor_id	: GenuineIntel
cpu family	: 6
model		: 42
model name	: Intel(R) Core(TM) i7-2600 CPU @ 3.40GHz
stepping	: 7
microcode	: 0x23
cpu MHz		: 3392.370
cache size	: 8192 KB
physical id	: 1
siblings	: 2
core id		: 0
cpu cores	: 2
apicid		: 2
initial apicid	: 2
fpu		: yes
fpu_exception	: yes
cpuid level	: 13
wp		: yes
flags		: fpu vme de pse tsc msr pae mce cx8 apic sep mtrr pge mca cmov pat pse36 clflush dts mmx fxsr sse sse2 ss ht syscall nx rdtscp lm constant_tsc arch_perfmon pebs bts nopl xtopology tsc_reliable nonstop_tsc aperfmperf pni pclmulqdq ssse3 cx16 pcid sse4_1 sse4_2 x2apic popcnt aes xsave avx hypervisor lahf_lm ida arat epb xsaveopt pln pts dtherm
bogomips	: 6784.74
clflush size	: 64
cache_alignment	: 64
address sizes	: 40 bits physical, 48 bits virtual
power management:

processor	: 3
vendor_id	: GenuineIntel
cpu family	: 6
model		: 42
model name	: Intel(R) Core(TM) i7-2600 CPU @ 3.40GHz
stepping	: 7
microcode	: 0x23
cpu MHz		: 3392.370
cache size	: 8192 KB
physical id	: 1
siblings	: 2
core id		: 1
cpu cores	: 2
apicid		: 3
initial apicid	: 3
fpu		: yes
fpu_exception	: yes
cpuid level	: 13
wp		: yes
flags		: fpu vme de pse tsc msr pae mce cx8 apic sep mtrr pge mca cmov pat pse36 clflush dts mmx fxsr sse sse2 ss ht syscall nx rdtscp lm constant_tsc arch_perfmon pebs bts nopl xtopology tsc_reliable nonstop_tsc aperfmperf pni pclmulqdq ssse3 cx16 pcid sse4_1 sse4_2 x2apic popcnt aes xsave avx hypervisor lahf_lm ida arat epb xsaveopt pln pts dtherm
bogomips	: 6784.74
clflush size	: 64
cache_alignment	: 64
address sizes	: 40 bits physical, 48 bits virtual
power management:

processor	: 4
vendor_id	: GenuineIntel
cpu family	: 6
model		: 42
model name	: Intel(R) Core(TM) i7-2600 CPU @ 3.40GHz
stepping	: 7
microcode	: 0x23
cpu MHz		: 3392.370
cache size	: 8192 KB
physical id	: 2
siblings	: 2
core id		: 0
cpu cores	: 2
apicid		: 4
initial apicid	: 4
fpu		: yes
fpu_exception	: yes
cpuid level	: 13
wp		: yes
flags		: fpu vme de pse tsc msr pae mce cx8 apic sep mtrr pge mca cmov pat pse36 clflush dts mmx fxsr sse sse2 ss ht syscall nx rdtscp lm constant_tsc arch_perfmon pebs bts nopl xtopology tsc_reliable nonstop_tsc aperfmperf pni pclmulqdq ssse3 cx16 pcid sse4_1 sse4_2 x2apic popcnt aes xsave avx hypervisor lahf_lm ida arat epb xsaveopt pln pts dtherm
bogomips	: 6784.74
clflush size	: 64
cache_alignment	: 64
address sizes	: 40 bits physical, 48 bits virtual
power management:

processor	: 5
vendor_id	: GenuineIntel
cpu family	: 6
model		: 42
model name	: Intel(R) Core(TM) i7-2600 CPU @ 3.40GHz
stepping	: 7
microcode	: 0x23
cpu MHz		: 3392.370
cache size	: 8192 KB
physical id	: 2
siblings	: 2
core id		: 1
cpu cores	: 2
apicid		: 5
initial apicid	: 5
fpu		: yes
fpu_exception	: yes
cpuid level	: 13
wp		: yes
flags		: fpu vme de pse tsc msr pae mce cx8 apic sep mtrr pge mca cmov pat pse36 clflush dts mmx fxsr sse sse2 ss ht syscall nx rdtscp lm constant_tsc arch_perfmon pebs bts nopl xtopology tsc_reliable nonstop_tsc aperfmperf pni pclmulqdq ssse3 cx16 pcid sse4_1 sse4_2 x2apic popcnt aes xsave avx hypervisor lahf_lm ida arat epb xsaveopt pln pts dtherm
bogomips	: 6784.74
clflush size	: 64
cache_alignment	: 64
address sizes	: 40 bits physical, 48 bits virtual
power management:

processor	: 6
vendor_id	: GenuineIntel
cpu family	: 6
model		: 42
model name	: Intel(R) Core(TM) i7-2600 CPU @ 3.40GHz
stepping	: 7
microcode	: 0x23
cpu MHz		: 3392.370
cache size	: 8192 KB
physical id	: 3
siblings	: 2
core id		: 0
cpu cores	: 2
apicid		: 6
initial apicid	: 6
fpu		: yes
fpu_exception	: yes
cpuid level	: 13
wp		: yes
flags		: fpu vme de pse tsc msr pae mce cx8 apic sep mtrr pge mca cmov pat pse36 clflush dts mmx fxsr sse sse2 ss ht syscall nx rdtscp lm constant_tsc arch_perfmon pebs bts nopl xtopology tsc_reliable nonstop_tsc aperfmperf pni pclmulqdq ssse3 cx16 pcid sse4_1 sse4_2 x2apic popcnt aes xsave avx hypervisor lahf_lm ida arat epb xsaveopt pln pts dtherm
bogomips	: 6784.74
clflush size	: 64
cache_alignment	: 64
address sizes	: 40 bits physical, 48 bits virtual
power management:

processor	: 7
vendor_id	: GenuineIntel
cpu family	: 6
model		: 42
model name	: Intel(R) Core(TM) i7-2600 CPU @ 3.40GHz
stepping	: 7
microcode	: 0x23
cpu MHz		: 3392.370
cache size	: 8192 KB
physical id	: 3
siblings	: 2
core id		: 1
cpu cores	: 2
apicid		: 7
initial apicid	: 7
fpu		: yes
fpu_exception	: yes
cpuid level	: 13
wp		: yes
flags		: fpu vme de pse tsc msr pae mce cx8 apic sep mtrr pge mca cmov pat pse36 clflush dts mmx fxsr sse sse2 ss ht syscall nx rdtscp lm constant_tsc arch_perfmon pebs bts nopl xtopology tsc_reliable nonstop_tsc aperfmperf pni pclmulqdq ssse3 cx16 pcid sse4_1 sse4_2 x2apic popcnt aes xsave avx hypervisor lahf_lm ida arat epb xsaveopt pln pts dtherm
bogomips	: 6784.74
clflush size	: 64
cache_alignment	: 64
address sizes	: 40 bits physical, 48 bits virtual
power management:



Memory: 4k page, physical 8171204k(382032k free), swap 8385532k(8321360k free)

vm_info: Java HotSpot(TM) 64-Bit Server VM (24.45-b08) for linux-amd64 JRE (1.7.0_45-b18), built on Oct  8 2013 05:44:25 by "java_re" with gcc 4.3.0 20080428 (Red Hat 4.3.0-8)

time: Wed Jan 15 11:03:38 2014
elapsed time: 1016 seconds

