#
# A fatal error has been detected by the Java Runtime Environment:
#
#  SIGSEGV (0xb) at pc=0x00007ff8e42b8f35, pid=19023, tid=140706837673728
#
# JRE version: Java(TM) SE Runtime Environment (7.0_45-b18) (build 1.7.0_45-b18)
# Java VM: Java HotSpot(TM) 64-Bit Server VM (24.45-b08 mixed mode linux-amd64 compressed oops)
# Problematic frame:
# J  org.apache.http.impl.cookie.BestMatchSpec.formatCookies(Ljava/util/List;)Ljava/util/List;
#
# Failed to write core dump. Core dumps have been disabled. To enable core dumping, try "ulimit -c unlimited" before starting Java again
#
# If you would like to submit a bug report, please visit:
#   http://bugreport.sun.com/bugreport/crash.jsp
#

---------------  T H R E A D  ---------------

Current thread (0x00007ff8e86c5800):  JavaThread "FetchDatum-5" [_thread_in_Java, id=19063, stack(0x00007ff8dd03b000,0x00007ff8dd13c000)]

siginfo:si_signo=SIGSEGV: si_errno=0, si_code=1 (SEGV_MAPERR), si_addr=0x0000003bfccdacac

Registers:
RAX=0x000000077fad8370, RBX=0x00000007e92285c8, RCX=0x0000000000000000, RDX=0x0000000000000000
RSP=0x00007ff8dd139b00, RBP=0x0000000000000001, RSI=0x000000077f99b610, RDI=0x000000077f99b594
R8 =0x0000000000000001, R9 =0x00000000fd2450b9, R10=0x0000003bfccdaca0, R11=0x000000000000000a
R12=0x0000000000000000, R13=0x0000000000000002, R14=0x000000007fffffff, R15=0x00007ff8e86c5800
RIP=0x00007ff8e42b8f35, EFLAGS=0x0000000000010202, CSGSFS=0x0000000000000033, ERR=0x0000000000000004
  TRAPNO=0x000000000000000e

Top of Stack: (sp=0x00007ff8dd139b00)
0x00007ff8dd139b00:   00000007e9227ff8 00000007e9228358
0x00007ff8dd139b10:   0000000200000001 00000007e922c1c8
0x00007ff8dd139b20:   00000007fd245075 00000007e9228358
0x00007ff8dd139b30:   00000007e9228470 00007ff8e3fbf0ac
0x00007ff8dd139b40:   00000007e922c0f8 0000000add139b98
0x00007ff8dd139b50:   000000077f996aa8 0000000a00000002
0x00007ff8dd139b60:   00000007e92283a8 00000007e9227fd8
0x00007ff8dd139b70:   000000078405a2c8 0000000000000000
0x00007ff8dd139b80:   00007ff8e40e1604 0000000783872088
0x00007ff8dd139b90:   00000167e8e23c80 00007ff8e40e0c7c
0x00007ff8dd139ba0:   00000007e9227d48 00000007e9227988
0x00007ff8dd139bb0:   f06b2dbdefe93159 00000007e9227798
0x00007ff8dd139bc0:   00000007e9227988 0000000783a6c630
0x00007ff8dd139bd0:   0000000783a6bdb8 00000007e9227e18
0x00007ff8dd139be0:   00000007e9227bd0 0000000783a6bc98
0x00007ff8dd139bf0:   0000000783a6c790 fd244f8bf070e449
0x00007ff8dd139c00:   00000050fd244fa9 efe95547fd244eb4
0x00007ff8dd139c10:   00000007e9227fd8 0000000783a6c200
0x00007ff8dd139c20:   00000007e9228018 00000007e9228358
0x00007ff8dd139c30:   00000007e9227ff8 00000007e9228370
0x00007ff8dd139c40:   00000007e9228388 000000078405a2c8
0x00007ff8dd139c50:   00000007e9227ff8 00000007837ee9a8
0x00007ff8dd139c60:   00000007e9227c58 0000000000000000
0x00007ff8dd139c70:   0000000000000011 00000007e9227988
0x00007ff8dd139c80:   00000000f074d793 00007ff8e41ed754
0x00007ff8dd139c90:   00000007e9227798 00000007e9227988
0x00007ff8dd139ca0:   0000000783a6bc40 0000000900000006
0x00007ff8dd139cb0:   0000000783a6bc28 000000077e787e60
0x00007ff8dd139cc0:   00007ff8dd139d00 000000077e78e138
0x00007ff8dd139cd0:   00007ff8dd139d48 00007ff8e3ecc786
0x00007ff8dd139ce0:   0000000000000000 00007ff8e3ecc786
0x00007ff8dd139cf0:   00000007e9227988 00000007e9227798 

Instructions: (pc=0x00007ff8e42b8f35)
0x00007ff8e42b8f15:   c7 10 48 c1 e8 03 85 c0 f2 af 58 0f 85 04 00 00
0x00007ff8e42b8f25:   00 48 89 46 28 44 0f 45 d2 41 8b d2 4d 8d 14 fc
0x00007ff8e42b8f35:   45 8b 52 0c 45 3b d6 41 8b fe 41 0f 4c fa 44 8b
0x00007ff8e42b8f45:   f7 41 3b e8 7d 13 44 8b d5 8b ef 8b 7c 24 10 44 

Register to memory mapping:

RAX=0x000000077fad8370 is an oop
{instance class} 
 - klass: {other class}
RBX=0x00000007e92285c8 is an oop
[Ljava.lang.Object; 
 - klass: 'java/lang/Object'[]
 - length: 10
RCX=0x0000000000000000 is an unknown value
RDX=0x0000000000000000 is an unknown value
RSP=0x00007ff8dd139b00 is pointing into the stack for thread: 0x00007ff8e86c5800
RBP=0x0000000000000001 is an unknown value
RSI=0x000000077f99b610 is an oop
{instance class} 
 - klass: {other class}
RDI=0x000000077f99b594 is pointing into object: 0x000000077f99b570
[[I 
 - klass: 'java/lang/Object'[]
 - length: 5
R8 =0x0000000000000001 is an unknown value
R9 =0x00000000fd2450b9 is an unknown value
R10=0x0000003bfccdaca0 is an unknown value
R11=0x000000000000000a is an unknown value
R12=0x0000000000000000 is an unknown value
R13=0x0000000000000002 is an unknown value
R14=0x000000007fffffff is an unknown value
R15=0x00007ff8e86c5800 is a thread


Stack: [0x00007ff8dd03b000,0x00007ff8dd13c000],  sp=0x00007ff8dd139b00,  free space=1018k
Native frames: (J=compiled Java code, j=interpreted, Vv=VM code, C=native code)
J  org.apache.http.impl.cookie.BestMatchSpec.formatCookies(Ljava/util/List;)Ljava/util/List;


---------------  P R O C E S S  ---------------

Java Threads: ( => current thread )
  0x00007ff83c195800 JavaThread "Connection Manager" [_thread_blocked, id=19207, stack(0x00007ff8ccc2e000,0x00007ff8ccd2f000)]
  0x00007ff83c0c8000 JavaThread "FetchDatum-14-EventThread" daemon [_thread_blocked, id=19206, stack(0x00007ff8ccd2f000,0x00007ff8cce30000)]
  0x00007ff83c0cd000 JavaThread "FetchDatum-14-SendThread(109-31.priv.nus.edu.sg:2181)" daemon [_thread_in_native, id=19205, stack(0x00007ff8cce30000,0x00007ff8ccf31000)]
  0x00007ff83c0c1000 JavaThread "FetchDatum-14-EventThread" daemon [_thread_blocked, id=19204, stack(0x00007ff8ccf31000,0x00007ff8cd032000)]
  0x00007ff83c0bc000 JavaThread "FetchDatum-14-SendThread(109-31.priv.nus.edu.sg:2181)" daemon [_thread_in_native, id=19203, stack(0x00007ff8cd032000,0x00007ff8cd133000)]
  0x00007ff82419b000 JavaThread "Connection Manager" [_thread_blocked, id=19096, stack(0x00007ff8cd75a000,0x00007ff8cd85b000)]
  0x00007ff82401c800 JavaThread "C3P0PooledConnectionPoolManager[identityToken->z8kfsx8zcwmovy5yh30q|32fb305f]-HelperThread-#2" daemon [_thread_blocked, id=19090, stack(0x00007ff8cdcb8000,0x00007ff8cddb9000)]
  0x00007ff82401a800 JavaThread "C3P0PooledConnectionPoolManager[identityToken->z8kfsx8zcwmovy5yh30q|32fb305f]-HelperThread-#1" daemon [_thread_blocked, id=19089, stack(0x00007ff8cddb9000,0x00007ff8cdeba000)]
  0x00007ff82402d800 JavaThread "C3P0PooledConnectionPoolManager[identityToken->z8kfsx8zcwmovy5yh30q|32fb305f]-HelperThread-#0" daemon [_thread_blocked, id=19088, stack(0x00007ff8cdeba000,0x00007ff8cdfbb000)]
  0x00007ff82400e800 JavaThread "C3P0PooledConnectionPoolManager[identityToken->z8kfsx8zcwmovy5yh30q|32fb305f]-AdminTaskTimer" daemon [_thread_blocked, id=19087, stack(0x00007ff8dc02b000,0x00007ff8dc12c000)]
  0x00007ff8e86e4800 JavaThread "FetchDatumList-20" [_thread_blocked, id=19085, stack(0x00007ff8dc12c000,0x00007ff8dc22d000)]
  0x00007ff8e86e2800 JavaThread "FetchDatum-19" [_thread_in_native, id=19084, stack(0x00007ff8dc22d000,0x00007ff8dc32e000)]
  0x00007ff8e86e0800 JavaThread "FetchDatum-18" [_thread_in_native, id=19083, stack(0x00007ff8dc32e000,0x00007ff8dc42f000)]
  0x00007ff8e86de800 JavaThread "FetchDatum-17" [_thread_in_native, id=19082, stack(0x00007ff8dc42f000,0x00007ff8dc530000)]
  0x00007ff8e86dc000 JavaThread "FetchDatum-16" [_thread_in_native, id=19081, stack(0x00007ff8dc530000,0x00007ff8dc631000)]
  0x00007ff8e86da000 JavaThread "FetchDatum-15" [_thread_in_native, id=19079, stack(0x00007ff8dc631000,0x00007ff8dc732000)]
  0x00007ff8e86d8000 JavaThread "FetchDatum-14" [_thread_in_native, id=19078, stack(0x00007ff8dc732000,0x00007ff8dc833000)]
  0x00007ff8e86d6000 JavaThread "FetchDatum-13" [_thread_in_native, id=19076, stack(0x00007ff8dc833000,0x00007ff8dc934000)]
  0x00007ff8e86d4000 JavaThread "FetchDatum-12" [_thread_in_native, id=19074, stack(0x00007ff8dc934000,0x00007ff8dca35000)]
  0x00007ff8e86d2000 JavaThread "FetchDatum-11" [_thread_in_native, id=19072, stack(0x00007ff8dca35000,0x00007ff8dcb36000)]
  0x00007ff8e86d0000 JavaThread "FetchDatum-10" [_thread_in_native, id=19071, stack(0x00007ff8dcb36000,0x00007ff8dcc37000)]
  0x00007ff8e86ce000 JavaThread "FetchDatum-9" [_thread_in_native, id=19069, stack(0x00007ff8dcc37000,0x00007ff8dcd38000)]
  0x00007ff8e86cb800 JavaThread "FetchDatum-8" [_thread_in_native, id=19067, stack(0x00007ff8dcd38000,0x00007ff8dce39000)]
  0x00007ff8e86c9800 JavaThread "FetchDatum-7" [_thread_in_native, id=19065, stack(0x00007ff8dce39000,0x00007ff8dcf3a000)]
  0x00007ff8e86c7800 JavaThread "FetchDatum-6" [_thread_in_native, id=19064, stack(0x00007ff8dcf3a000,0x00007ff8dd03b000)]
=>0x00007ff8e86c5800 JavaThread "FetchDatum-5" [_thread_in_Java, id=19063, stack(0x00007ff8dd03b000,0x00007ff8dd13c000)]
  0x00007ff8e86c4000 JavaThread "FetchDatum-4" [_thread_in_native, id=19062, stack(0x00007ff8dd13c000,0x00007ff8dd23d000)]
  0x00007ff8e86c3000 JavaThread "FetchDatum-3" [_thread_in_native, id=19061, stack(0x00007ff8dd23d000,0x00007ff8dd33e000)]
  0x00007ff8e865b000 JavaThread "FetchDatum-2" [_thread_in_native, id=19060, stack(0x00007ff8dd33e000,0x00007ff8dd43f000)]
  0x00007ff8e86a9800 JavaThread "FetchDatum-1" [_thread_in_native, id=19059, stack(0x00007ff8dd43f000,0x00007ff8dd540000)]
  0x00007ff8e86a9000 JavaThread "FetchDatum-0" [_thread_in_native, id=19058, stack(0x00007ff8dd540000,0x00007ff8dd641000)]
  0x00007ff8e8465800 JavaThread "Timer-0" daemon [_thread_blocked, id=19056, stack(0x00007ff8ddc75000,0x00007ff8ddd76000)]
  0x00007ff8e80b7000 JavaThread "Service Thread" daemon [_thread_blocked, id=19054, stack(0x00007ff8de109000,0x00007ff8de20a000)]
  0x00007ff8e80b4800 JavaThread "C2 CompilerThread1" daemon [_thread_blocked, id=19053, stack(0x00007ff8de20a000,0x00007ff8de30b000)]
  0x00007ff8e80b2000 JavaThread "C2 CompilerThread0" daemon [_thread_blocked, id=19052, stack(0x00007ff8de30b000,0x00007ff8de40c000)]
  0x00007ff894001000 JavaThread "JDWP Command Reader" daemon [_thread_in_native, id=19049, stack(0x00007ff8de40c000,0x00007ff8de50d000)]
  0x00007ff8e80af800 JavaThread "JDWP Event Helper Thread" daemon [_thread_blocked, id=19048, stack(0x00007ff8de50d000,0x00007ff8de60e000)]
  0x00007ff8e80ac000 JavaThread "JDWP Transport Listener: dt_socket" daemon [_thread_blocked, id=19045, stack(0x00007ff8de60e000,0x00007ff8de70f000)]
  0x00007ff8e8094800 JavaThread "Signal Dispatcher" daemon [_thread_blocked, id=19043, stack(0x00007ff8de913000,0x00007ff8dea14000)]
  0x00007ff8e807f000 JavaThread "Finalizer" daemon [_thread_blocked, id=19041, stack(0x00007ff8dea14000,0x00007ff8deb15000)]
  0x00007ff8e807b000 JavaThread "Reference Handler" daemon [_thread_blocked, id=19040, stack(0x00007ff8deb15000,0x00007ff8dec16000)]
  0x00007ff8e8010800 JavaThread "main" [_thread_blocked, id=19025, stack(0x00007ff8ee84f000,0x00007ff8ee950000)]

Other Threads:
  0x00007ff8e8078800 VMThread [stack: 0x00007ff8cdfbb000,0x00007ff8ce0bc000] [id=19039]
  0x00007ff8e80c2000 WatcherThread [stack: 0x00007ff8de008000,0x00007ff8de109000] [id=19055]

VM state:not at safepoint (normal execution)

VM Mutex/Monitor currently owned by a thread: None

Heap
 PSYoungGen      total 642560K, used 315759K [0x00000007d6680000, 0x00000007ffa80000, 0x0000000800000000)
  eden space 608256K, 50% used [0x00000007d6680000,0x00000007e92e5188,0x00000007fb880000)
  from space 34304K, 23% used [0x00000007fd900000,0x00000007fe0f6b08,0x00000007ffa80000)
  to   space 33280K, 0% used [0x00000007fb880000,0x00000007fb880000,0x00000007fd900000)
 ParOldGen       total 200192K, used 109984K [0x0000000783400000, 0x000000078f780000, 0x00000007d6680000)
  object space 200192K, 54% used [0x0000000783400000,0x0000000789f68168,0x000000078f780000)
 PSPermGen       total 51712K, used 26169K [0x000000077e200000, 0x0000000781480000, 0x0000000783400000)
  object space 51712K, 50% used [0x000000077e200000,0x000000077fb8e4d0,0x0000000781480000)

Card table byte_map: [0x00007ff8e3ab6000,0x00007ff8e3ec6000] byte_map_base: 0x00007ff8dfec5000

Polling page: 0x00007ff8ee963000

Code Cache  [0x00007ff8e3ec6000, 0x00007ff8e4326000, 0x00007ff8e6ec6000)
 total_blobs=1667 nmethods=1251 adapters=377 free_code_cache=44821Kb largest_free_block=45809408

Compilation events (10 events):
Event: 372.174 Thread 0x00007ff8e80b2000 1381             org.apache.thrift.protocol.TProtocol::getTransport (5 bytes)
Event: 372.174 Thread 0x00007ff8e80b2000 nmethod 1381 0x00007ff8e4226dd0 code [0x00007ff8e4226f00, 0x00007ff8e4226f78]
Event: 377.165 Thread 0x00007ff8e80b4800 1382             java.text.SimpleDateFormat::matchString (100 bytes)
Event: 377.169 Thread 0x00007ff8e80b4800 nmethod 1382 0x00007ff8e42be090 code [0x00007ff8e42be220, 0x00007ff8e42be798]
Event: 380.173 Thread 0x00007ff8e80b2000 1383             java.lang.Enum::hashCode (5 bytes)
Event: 380.173 Thread 0x00007ff8e80b2000 nmethod 1383 0x00007ff8e4307c10 code [0x00007ff8e4307d60, 0x00007ff8e4307e08]
Event: 381.423 Thread 0x00007ff8e80b4800 1384             org.apache.http.message.BasicRequestLine::getProtocolVersion (5 bytes)
Event: 381.423 Thread 0x00007ff8e80b4800 nmethod 1384 0x00007ff8e4225fd0 code [0x00007ff8e4226100, 0x00007ff8e4226178]
Event: 383.511 Thread 0x00007ff8e80b4800 1385             org.apache.http.impl.cookie.BestMatchSpec::formatCookies (109 bytes)
Event: 383.539 Thread 0x00007ff8e80b4800 nmethod 1385 0x00007ff8e42b8310 code [0x00007ff8e42b8620, 0x00007ff8e42b9d18]

GC Heap History (10 events):
Event: 364.698 GC heap before
{Heap before GC invocations=67 (full 5):
 PSYoungGen      total 600576K, used 600243K [0x00000007d6680000, 0x00000007ffe00000, 0x0000000800000000)
  eden space 596480K, 100% used [0x00000007d6680000,0x00000007fad00000,0x00000007fad00000)
  from space 4096K, 91% used [0x00000007fad00000,0x00000007fb0ace70,0x00000007fb100000)
  to   space 41472K, 0% used [0x00000007fd580000,0x00000007fd580000,0x00000007ffe00000)
 ParOldGen       total 200192K, used 107145K [0x0000000783400000, 0x000000078f780000, 0x00000007d6680000)
  object space 200192K, 53% used [0x0000000783400000,0x0000000789ca2760,0x000000078f780000)
 PSPermGen       total 51712K, used 26167K [0x000000077e200000, 0x0000000781480000, 0x0000000783400000)
  object space 51712K, 50% used [0x000000077e200000,0x000000077fb8dd28,0x0000000781480000)
Event: 364.732 GC heap after
Heap after GC invocations=67 (full 5):
 PSYoungGen      total 638976K, used 3584K [0x00000007d6680000, 0x0000000800000000, 0x0000000800000000)
  eden space 597504K, 0% used [0x00000007d6680000,0x00000007d6680000,0x00000007fae00000)
  from space 41472K, 8% used [0x00000007fd580000,0x00000007fd900090,0x00000007ffe00000)
  to   space 40448K, 0% used [0x00000007fae00000,0x00000007fae00000,0x00000007fd580000)
 ParOldGen       total 200192K, used 109984K [0x0000000783400000, 0x000000078f780000, 0x00000007d6680000)
  object space 200192K, 54% used [0x0000000783400000,0x0000000789f68168,0x000000078f780000)
 PSPermGen       total 51712K, used 26167K [0x000000077e200000, 0x0000000781480000, 0x0000000783400000)
  object space 51712K, 50% used [0x000000077e200000,0x000000077fb8dd28,0x0000000781480000)
}
Event: 368.425 GC heap before
{Heap before GC invocations=68 (full 5):
 PSYoungGen      total 638976K, used 601088K [0x00000007d6680000, 0x0000000800000000, 0x0000000800000000)
  eden space 597504K, 100% used [0x00000007d6680000,0x00000007fae00000,0x00000007fae00000)
  from space 41472K, 8% used [0x00000007fd580000,0x00000007fd900090,0x00000007ffe00000)
  to   space 40448K, 0% used [0x00000007fae00000,0x00000007fae00000,0x00000007fd580000)
 ParOldGen       total 200192K, used 109984K [0x0000000783400000, 0x000000078f780000, 0x00000007d6680000)
  object space 200192K, 54% used [0x0000000783400000,0x0000000789f68168,0x000000078f780000)
 PSPermGen       total 51712K, used 26168K [0x000000077e200000, 0x0000000781480000, 0x0000000783400000)
  object space 51712K, 50% used [0x000000077e200000,0x000000077fb8e020,0x0000000781480000)
Event: 368.432 GC heap after
Heap after GC invocations=68 (full 5):
 PSYoungGen      total 637952K, used 8025K [0x00000007d6680000, 0x00000007ffb00000, 0x0000000800000000)
  eden space 597504K, 0% used [0x00000007d6680000,0x00000007d6680000,0x00000007fae00000)
  from space 40448K, 19% used [0x00000007fae00000,0x00000007fb5d66d0,0x00000007fd580000)
  to   space 38400K, 0% used [0x00000007fd580000,0x00000007fd580000,0x00000007ffb00000)
 ParOldGen       total 200192K, used 109984K [0x0000000783400000, 0x000000078f780000, 0x00000007d6680000)
  object space 200192K, 54% used [0x0000000783400000,0x0000000789f68168,0x000000078f780000)
 PSPermGen       total 51712K, used 26168K [0x000000077e200000, 0x0000000781480000, 0x0000000783400000)
  object space 51712K, 50% used [0x000000077e200000,0x000000077fb8e020,0x0000000781480000)
}
Event: 372.027 GC heap before
{Heap before GC invocations=69 (full 5):
 PSYoungGen      total 637952K, used 605529K [0x00000007d6680000, 0x00000007ffb00000, 0x0000000800000000)
  eden space 597504K, 100% used [0x00000007d6680000,0x00000007fae00000,0x00000007fae00000)
  from space 40448K, 19% used [0x00000007fae00000,0x00000007fb5d66d0,0x00000007fd580000)
  to   space 38400K, 0% used [0x00000007fd580000,0x00000007fd580000,0x00000007ffb00000)
 ParOldGen       total 200192K, used 109984K [0x0000000783400000, 0x000000078f780000, 0x00000007d6680000)
  object space 200192K, 54% used [0x0000000783400000,0x0000000789f68168,0x000000078f780000)
 PSPermGen       total 51712K, used 26168K [0x000000077e200000, 0x0000000781480000, 0x0000000783400000)
  object space 51712K, 50% used [0x000000077e200000,0x000000077fb8e020,0x0000000781480000)
Event: 372.040 GC heap after
Heap after GC invocations=69 (full 5):
 PSYoungGen      total 639488K, used 6976K [0x00000007d6680000, 0x00000007ffb00000, 0x0000000800000000)
  eden space 601088K, 0% used [0x00000007d6680000,0x00000007d6680000,0x00000007fb180000)
  from space 38400K, 18% used [0x00000007fd580000,0x00000007fdc500a0,0x00000007ffb00000)
  to   space 36864K, 0% used [0x00000007fb180000,0x00000007fb180000,0x00000007fd580000)
 ParOldGen       total 200192K, used 109984K [0x0000000783400000, 0x000000078f780000, 0x00000007d6680000)
  object space 200192K, 54% used [0x0000000783400000,0x0000000789f68168,0x000000078f780000)
 PSPermGen       total 51712K, used 26168K [0x000000077e200000, 0x0000000781480000, 0x0000000783400000)
  object space 51712K, 50% used [0x000000077e200000,0x000000077fb8e020,0x0000000781480000)
}
Event: 374.640 GC heap before
{Heap before GC invocations=70 (full 5):
 PSYoungGen      total 639488K, used 608064K [0x00000007d6680000, 0x00000007ffb00000, 0x0000000800000000)
  eden space 601088K, 100% used [0x00000007d6680000,0x00000007fb180000,0x00000007fb180000)
  from space 38400K, 18% used [0x00000007fd580000,0x00000007fdc500a0,0x00000007ffb00000)
  to   space 36864K, 0% used [0x00000007fb180000,0x00000007fb180000,0x00000007fd580000)
 ParOldGen       total 200192K, used 109984K [0x0000000783400000, 0x000000078f780000, 0x00000007d6680000)
  object space 200192K, 54% used [0x0000000783400000,0x0000000789f68168,0x000000078f780000)
 PSPermGen       total 51712K, used 26168K [0x000000077e200000, 0x0000000781480000, 0x0000000783400000)
  object space 51712K, 50% used [0x000000077e200000,0x000000077fb8e020,0x0000000781480000)
Event: 374.650 GC heap after
Heap after GC invocations=70 (full 5):
 PSYoungGen      total 637952K, used 8090K [0x00000007d6680000, 0x00000007ffb80000, 0x0000000800000000)
  eden space 601088K, 0% used [0x00000007d6680000,0x00000007d6680000,0x00000007fb180000)
  from space 36864K, 21% used [0x00000007fb180000,0x00000007fb966b08,0x00000007fd580000)
  to   space 35328K, 0% used [0x00000007fd900000,0x00000007fd900000,0x00000007ffb80000)
 ParOldGen       total 200192K, used 109984K [0x0000000783400000, 0x000000078f780000, 0x00000007d6680000)
  object space 200192K, 54% used [0x0000000783400000,0x0000000789f68168,0x000000078f780000)
 PSPermGen       total 51712K, used 26168K [0x000000077e200000, 0x0000000781480000, 0x0000000783400000)
  object space 51712K, 50% used [0x000000077e200000,0x000000077fb8e020,0x0000000781480000)
}
Event: 380.884 GC heap before
{Heap before GC invocations=71 (full 5):
 PSYoungGen      total 637952K, used 609178K [0x00000007d6680000, 0x00000007ffb80000, 0x0000000800000000)
  eden space 601088K, 100% used [0x00000007d6680000,0x00000007fb180000,0x00000007fb180000)
  from space 36864K, 21% used [0x00000007fb180000,0x00000007fb966b08,0x00000007fd580000)
  to   space 35328K, 0% used [0x00000007fd900000,0x00000007fd900000,0x00000007ffb80000)
 ParOldGen       total 200192K, used 109984K [0x0000000783400000, 0x000000078f780000, 0x00000007d6680000)
  object space 200192K, 54% used [0x0000000783400000,0x0000000789f68168,0x000000078f780000)
 PSPermGen       total 51712K, used 26169K [0x000000077e200000, 0x0000000781480000, 0x0000000783400000)
  object space 51712K, 50% used [0x000000077e200000,0x000000077fb8e418,0x0000000781480000)
Event: 380.908 GC heap after
Heap after GC invocations=71 (full 5):
 PSYoungGen      total 642560K, used 8154K [0x00000007d6680000, 0x00000007ffa80000, 0x0000000800000000)
  eden space 608256K, 0% used [0x00000007d6680000,0x00000007d6680000,0x00000007fb880000)
  from space 34304K, 23% used [0x00000007fd900000,0x00000007fe0f6b08,0x00000007ffa80000)
  to   space 33280K, 0% used [0x00000007fb880000,0x00000007fb880000,0x00000007fd900000)
 ParOldGen       total 200192K, used 109984K [0x0000000783400000, 0x000000078f780000, 0x00000007d6680000)
  object space 200192K, 54% used [0x0000000783400000,0x0000000789f68168,0x000000078f780000)
 PSPermGen       total 51712K, used 26169K [0x000000077e200000, 0x0000000781480000, 0x0000000783400000)
  object space 51712K, 50% used [0x000000077e200000,0x000000077fb8e418,0x0000000781480000)
}

Deoptimization events (10 events):
Event: 382.750 Thread 0x00007ff8e86c4000 Uncommon trap: reason=unhandled action=none pc=0x00007ff8e41d5a8c method=java.net.URL.<init>(Ljava/net/URL;Ljava/lang/String;Ljava/net/URLStreamHandler;)V @ 423
Event: 382.980 Thread 0x00007ff8e86de800 Uncommon trap: reason=unhandled action=none pc=0x00007ff8e40ed720 method=java.net.URLClassLoader$1.run()Ljava/lang/Class; @ 72
Event: 382.980 Thread 0x00007ff8e86de800 Uncommon trap: reason=unhandled action=none pc=0x00007ff8e40ed720 method=java.net.URLClassLoader$1.run()Ljava/lang/Class; @ 72
Event: 382.980 Thread 0x00007ff8e86de800 Uncommon trap: reason=unhandled action=none pc=0x00007ff8e41d5a8c method=java.net.URL.<init>(Ljava/net/URL;Ljava/lang/String;Ljava/net/URLStreamHandler;)V @ 423
Event: 383.052 Thread 0x00007ff8e86e0800 Uncommon trap: reason=unhandled action=none pc=0x00007ff8e40ed720 method=java.net.URLClassLoader$1.run()Ljava/lang/Class; @ 72
Event: 383.052 Thread 0x00007ff8e86e0800 Uncommon trap: reason=unhandled action=none pc=0x00007ff8e40ed720 method=java.net.URLClassLoader$1.run()Ljava/lang/Class; @ 72
Event: 383.052 Thread 0x00007ff8e86e0800 Uncommon trap: reason=unhandled action=none pc=0x00007ff8e41d5a8c method=java.net.URL.<init>(Ljava/net/URL;Ljava/lang/String;Ljava/net/URLStreamHandler;)V @ 423
Event: 383.546 Thread 0x00007ff8e86c5800 Uncommon trap: reason=unhandled action=none pc=0x00007ff8e40ed720 method=java.net.URLClassLoader$1.run()Ljava/lang/Class; @ 72
Event: 383.546 Thread 0x00007ff8e86c5800 Uncommon trap: reason=unhandled action=none pc=0x00007ff8e40ed720 method=java.net.URLClassLoader$1.run()Ljava/lang/Class; @ 72
Event: 383.546 Thread 0x00007ff8e86c5800 Uncommon trap: reason=unhandled action=none pc=0x00007ff8e41d5a8c method=java.net.URL.<init>(Ljava/net/URL;Ljava/lang/String;Ljava/net/URLStreamHandler;)V @ 423

Internal exceptions (10 events):
Event: 383.052 Thread 0x00007ff8e86e0800 Threw 0x00000007e3f8b7d8 at /HUDSON/workspace/7u-2-build-linux-amd64/jdk7u45/229/hotspot/src/share/vm/prims/jvm.cpp:1244
Event: 383.060 Thread 0x00007ff8e86e0800 Threw 0x00000007e3fda608 at /HUDSON/workspace/7u-2-build-linux-amd64/jdk7u45/229/hotspot/src/share/vm/prims/jni.cpp:743
Event: 383.062 Thread 0x00007ff8e86d6000 Threw 0x00000007e42a4a40 at /HUDSON/workspace/7u-2-build-linux-amd64/jdk7u45/229/hotspot/src/share/vm/prims/jni.cpp:743
Event: 383.305 Thread 0x00007ff8e86d8000 Threw 0x00000007e48ddab0 at /HUDSON/workspace/7u-2-build-linux-amd64/jdk7u45/229/hotspot/src/share/vm/prims/jni.cpp:743
Event: 383.470 Thread 0x00007ff8e865b000 Threw 0x00000007e4bdaa38 at /HUDSON/workspace/7u-2-build-linux-amd64/jdk7u45/229/hotspot/src/share/vm/prims/jni.cpp:743
Event: 383.477 Thread 0x00007ff8e86da000 Threw 0x00000007e4e41928 at /HUDSON/workspace/7u-2-build-linux-amd64/jdk7u45/229/hotspot/src/share/vm/prims/jni.cpp:743
Event: 383.513 Thread 0x00007ff8e86a9800 Threw 0x00000007e680a6b8 at /HUDSON/workspace/7u-2-build-linux-amd64/jdk7u45/229/hotspot/src/share/vm/prims/jni.cpp:743
Event: 383.546 Thread 0x00007ff8e86c5800 Threw 0x00000007e8fe27e8 at /HUDSON/workspace/7u-2-build-linux-amd64/jdk7u45/229/hotspot/src/share/vm/classfile/systemDictionary.cpp:185
Event: 383.546 Thread 0x00007ff8e86c5800 Threw 0x00000007e8fe2da8 at /HUDSON/workspace/7u-2-build-linux-amd64/jdk7u45/229/hotspot/src/share/vm/prims/jvm.cpp:1244
Event: 383.546 Thread 0x00007ff8e86c5800 Threw 0x00000007e8ff2048 at /HUDSON/workspace/7u-2-build-linux-amd64/jdk7u45/229/hotspot/src/share/vm/prims/jvm.cpp:1244

Events (10 events):
Event: 383.546 Thread 0x00007ff8e86c5800 DEOPT UNPACKING pc=0x00007ff8e3eff445 sp=0x00007ff8dd139368 mode 2
Event: 383.546 Thread 0x00007ff8e86c5800 DEOPT PACKING pc=0x00007ff8e40ed020 sp=0x00007ff8dd139e70
Event: 383.546 Thread 0x00007ff8e86c5800 DEOPT UNPACKING pc=0x00007ff8e3eff20f sp=0x00007ff8dd139bb8 mode 1
Event: 383.546 Thread 0x00007ff8e86c5800 DEOPT PACKING pc=0x00007ff8e428ca84 sp=0x00007ff8dd139f80
Event: 383.546 Thread 0x00007ff8e86c5800 DEOPT UNPACKING pc=0x00007ff8e3eff20f sp=0x00007ff8dd139c78 mode 1
Event: 383.546 Thread 0x00007ff8e86c5800 Uncommon trap: trap_request=0xffffffa7 fr.pc=0x00007ff8e41d5a8c
Event: 383.546 Thread 0x00007ff8e86c5800 DEOPT PACKING pc=0x00007ff8e41d5a8c sp=0x00007ff8dd13a0a0
Event: 383.546 Thread 0x00007ff8e86c5800 DEOPT UNPACKING pc=0x00007ff8e3eff445 sp=0x00007ff8dd13a048 mode 2
Event: 383.546 Thread 0x00007ff8e86c5800 DEOPT PACKING pc=0x00007ff8e4173424 sp=0x00007ff8dd13a120
Event: 383.546 Thread 0x00007ff8e86c5800 DEOPT UNPACKING pc=0x00007ff8e3eff20f sp=0x00007ff8dd139da8 mode 1


Dynamic libraries:
00400000-00401000 r-xp 00000000 08:01 264054                             /opt/jdk1.7.0_45/jre/bin/java
00600000-00601000 rw-p 00000000 08:01 264054                             /opt/jdk1.7.0_45/jre/bin/java
01872000-01893000 rw-p 00000000 00:00 0                                  [heap]
77e200000-781480000 rw-p 00000000 00:00 0 
781480000-781b80000 ---p 00000000 00:00 0 
781b80000-783400000 rw-p 00000000 00:00 0 
783400000-78f780000 rw-p 00000000 00:00 0 
78f780000-790600000 ---p 00000000 00:00 0 
790600000-7d6680000 rw-p 00000000 00:00 0 
7d6680000-7ffa80000 rw-p 00000000 00:00 0 
7ffa80000-800000000 ---p 00000000 00:00 0 
7ff7fc000000-7ff7fc021000 rw-p 00000000 00:00 0 
7ff7fc021000-7ff800000000 ---p 00000000 00:00 0 
7ff804000000-7ff804021000 rw-p 00000000 00:00 0 
7ff804021000-7ff808000000 ---p 00000000 00:00 0 
7ff808000000-7ff808021000 rw-p 00000000 00:00 0 
7ff808021000-7ff80c000000 ---p 00000000 00:00 0 
7ff80c000000-7ff80c021000 rw-p 00000000 00:00 0 
7ff80c021000-7ff810000000 ---p 00000000 00:00 0 
7ff810000000-7ff810021000 rw-p 00000000 00:00 0 
7ff810021000-7ff814000000 ---p 00000000 00:00 0 
7ff814000000-7ff814128000 rw-p 00000000 00:00 0 
7ff814128000-7ff818000000 ---p 00000000 00:00 0 
7ff818000000-7ff818021000 rw-p 00000000 00:00 0 
7ff818021000-7ff81c000000 ---p 00000000 00:00 0 
7ff81c000000-7ff81c10f000 rw-p 00000000 00:00 0 
7ff81c10f000-7ff820000000 ---p 00000000 00:00 0 
7ff820000000-7ff820146000 rw-p 00000000 00:00 0 
7ff820146000-7ff824000000 ---p 00000000 00:00 0 
7ff824000000-7ff824351000 rw-p 00000000 00:00 0 
7ff824351000-7ff828000000 ---p 00000000 00:00 0 
7ff828000000-7ff828021000 rw-p 00000000 00:00 0 
7ff828021000-7ff82c000000 ---p 00000000 00:00 0 
7ff82c000000-7ff82c138000 rw-p 00000000 00:00 0 
7ff82c138000-7ff830000000 ---p 00000000 00:00 0 
7ff830000000-7ff830083000 rw-p 00000000 00:00 0 
7ff830083000-7ff834000000 ---p 00000000 00:00 0 
7ff834000000-7ff83407f000 rw-p 00000000 00:00 0 
7ff83407f000-7ff838000000 ---p 00000000 00:00 0 
7ff838000000-7ff83820d000 rw-p 00000000 00:00 0 
7ff83820d000-7ff83c000000 ---p 00000000 00:00 0 
7ff83c000000-7ff83c256000 rw-p 00000000 00:00 0 
7ff83c256000-7ff840000000 ---p 00000000 00:00 0 
7ff840000000-7ff8400a1000 rw-p 00000000 00:00 0 
7ff8400a1000-7ff844000000 ---p 00000000 00:00 0 
7ff844000000-7ff8440c6000 rw-p 00000000 00:00 0 
7ff8440c6000-7ff848000000 ---p 00000000 00:00 0 
7ff848000000-7ff84802a000 rw-p 00000000 00:00 0 
7ff84802a000-7ff84c000000 ---p 00000000 00:00 0 
7ff84c000000-7ff84c038000 rw-p 00000000 00:00 0 
7ff84c038000-7ff850000000 ---p 00000000 00:00 0 
7ff850000000-7ff8502fc000 rw-p 00000000 00:00 0 
7ff8502fc000-7ff854000000 ---p 00000000 00:00 0 
7ff854000000-7ff854032000 rw-p 00000000 00:00 0 
7ff854032000-7ff858000000 ---p 00000000 00:00 0 
7ff858000000-7ff858050000 rw-p 00000000 00:00 0 
7ff858050000-7ff85c000000 ---p 00000000 00:00 0 
7ff85c000000-7ff85c0cd000 rw-p 00000000 00:00 0 
7ff85c0cd000-7ff860000000 ---p 00000000 00:00 0 
7ff860000000-7ff860051000 rw-p 00000000 00:00 0 
7ff860051000-7ff864000000 ---p 00000000 00:00 0 
7ff864000000-7ff864043000 rw-p 00000000 00:00 0 
7ff864043000-7ff868000000 ---p 00000000 00:00 0 
7ff868000000-7ff86805b000 rw-p 00000000 00:00 0 
7ff86805b000-7ff86c000000 ---p 00000000 00:00 0 
7ff86c000000-7ff86c051000 rw-p 00000000 00:00 0 
7ff86c051000-7ff870000000 ---p 00000000 00:00 0 
7ff870000000-7ff8700b5000 rw-p 00000000 00:00 0 
7ff8700b5000-7ff874000000 ---p 00000000 00:00 0 
7ff874000000-7ff874080000 rw-p 00000000 00:00 0 
7ff874080000-7ff878000000 ---p 00000000 00:00 0 
7ff878000000-7ff87802b000 rw-p 00000000 00:00 0 
7ff87802b000-7ff87c000000 ---p 00000000 00:00 0 
7ff87c000000-7ff87c021000 rw-p 00000000 00:00 0 
7ff87c021000-7ff880000000 ---p 00000000 00:00 0 
7ff880000000-7ff880021000 rw-p 00000000 00:00 0 
7ff880021000-7ff884000000 ---p 00000000 00:00 0 
7ff884000000-7ff885e74000 rw-p 00000000 00:00 0 
7ff885e74000-7ff888000000 ---p 00000000 00:00 0 
7ff888000000-7ff888021000 rw-p 00000000 00:00 0 
7ff888021000-7ff88c000000 ---p 00000000 00:00 0 
7ff88c000000-7ff88c021000 rw-p 00000000 00:00 0 
7ff88c021000-7ff890000000 ---p 00000000 00:00 0 
7ff890000000-7ff891ff9000 rw-p 00000000 00:00 0 
7ff891ff9000-7ff894000000 ---p 00000000 00:00 0 
7ff894000000-7ff894036000 rw-p 00000000 00:00 0 
7ff894036000-7ff898000000 ---p 00000000 00:00 0 
7ff898000000-7ff898021000 rw-p 00000000 00:00 0 
7ff898021000-7ff89c000000 ---p 00000000 00:00 0 
7ff89c000000-7ff89c021000 rw-p 00000000 00:00 0 
7ff89c021000-7ff8a0000000 ---p 00000000 00:00 0 
7ff8a0000000-7ff8a0021000 rw-p 00000000 00:00 0 
7ff8a0021000-7ff8a4000000 ---p 00000000 00:00 0 
7ff8a4000000-7ff8a40ba000 rw-p 00000000 00:00 0 
7ff8a40ba000-7ff8a8000000 ---p 00000000 00:00 0 
7ff8a8000000-7ff8a8021000 rw-p 00000000 00:00 0 
7ff8a8021000-7ff8ac000000 ---p 00000000 00:00 0 
7ff8ac000000-7ff8ac021000 rw-p 00000000 00:00 0 
7ff8ac021000-7ff8b0000000 ---p 00000000 00:00 0 
7ff8b0000000-7ff8b0023000 rw-p 00000000 00:00 0 
7ff8b0023000-7ff8b4000000 ---p 00000000 00:00 0 
7ff8b8000000-7ff8b8021000 rw-p 00000000 00:00 0 
7ff8b8021000-7ff8bc000000 ---p 00000000 00:00 0 
7ff8c0000000-7ff8c0021000 rw-p 00000000 00:00 0 
7ff8c0021000-7ff8c4000000 ---p 00000000 00:00 0 
7ff8c8000000-7ff8c8021000 rw-p 00000000 00:00 0 
7ff8c8021000-7ff8cc000000 ---p 00000000 00:00 0 
7ff8cca2b000-7ff8cca2d000 r-xp 00000000 08:01 1572917                    /lib/libnss_mdns4.so.2
7ff8cca2d000-7ff8ccc2c000 ---p 00002000 08:01 1572917                    /lib/libnss_mdns4.so.2
7ff8ccc2c000-7ff8ccc2d000 r--p 00001000 08:01 1572917                    /lib/libnss_mdns4.so.2
7ff8ccc2d000-7ff8ccc2e000 rw-p 00002000 08:01 1572917                    /lib/libnss_mdns4.so.2
7ff8ccc2e000-7ff8ccc31000 ---p 00000000 00:00 0 
7ff8ccc31000-7ff8ccd2f000 rw-p 00000000 00:00 0                          [stack:19207]
7ff8ccd2f000-7ff8ccd32000 ---p 00000000 00:00 0 
7ff8ccd32000-7ff8cce30000 rw-p 00000000 00:00 0                          [stack:19206]
7ff8cce30000-7ff8cce33000 ---p 00000000 00:00 0 
7ff8cce33000-7ff8ccf31000 rw-p 00000000 00:00 0                          [stack:19205]
7ff8ccf31000-7ff8ccf34000 ---p 00000000 00:00 0 
7ff8ccf34000-7ff8cd032000 rw-p 00000000 00:00 0                          [stack:19204]
7ff8cd032000-7ff8cd035000 ---p 00000000 00:00 0 
7ff8cd035000-7ff8cd133000 rw-p 00000000 00:00 0                          [stack:19203]
7ff8cd133000-7ff8cd14b000 r-xp 00000000 08:01 1573696                    /lib/x86_64-linux-gnu/libresolv-2.15.so
7ff8cd14b000-7ff8cd34b000 ---p 00018000 08:01 1573696                    /lib/x86_64-linux-gnu/libresolv-2.15.so
7ff8cd34b000-7ff8cd34c000 r--p 00018000 08:01 1573696                    /lib/x86_64-linux-gnu/libresolv-2.15.so
7ff8cd34c000-7ff8cd34d000 rw-p 00019000 08:01 1573696                    /lib/x86_64-linux-gnu/libresolv-2.15.so
7ff8cd34d000-7ff8cd34f000 rw-p 00000000 00:00 0 
7ff8cd34f000-7ff8cd356000 r-xp 00000000 08:01 1573697                    /lib/x86_64-linux-gnu/libnss_dns-2.15.so
7ff8cd356000-7ff8cd555000 ---p 00007000 08:01 1573697                    /lib/x86_64-linux-gnu/libnss_dns-2.15.so
7ff8cd555000-7ff8cd556000 r--p 00006000 08:01 1573697                    /lib/x86_64-linux-gnu/libnss_dns-2.15.so
7ff8cd556000-7ff8cd557000 rw-p 00007000 08:01 1573697                    /lib/x86_64-linux-gnu/libnss_dns-2.15.so
7ff8cd557000-7ff8cd559000 r-xp 00000000 08:01 1572918                    /lib/libnss_mdns4_minimal.so.2
7ff8cd559000-7ff8cd758000 ---p 00002000 08:01 1572918                    /lib/libnss_mdns4_minimal.so.2
7ff8cd758000-7ff8cd759000 r--p 00001000 08:01 1572918                    /lib/libnss_mdns4_minimal.so.2
7ff8cd759000-7ff8cd75a000 rw-p 00002000 08:01 1572918                    /lib/libnss_mdns4_minimal.so.2
7ff8cd75a000-7ff8cd75d000 ---p 00000000 00:00 0 
7ff8cd75d000-7ff8cd85b000 rw-p 00000000 00:00 0                          [stack:19096]
7ff8cd85b000-7ff8cd870000 r-xp 00000000 08:01 1576563                    /lib/x86_64-linux-gnu/libgcc_s.so.1
7ff8cd870000-7ff8cda6f000 ---p 00015000 08:01 1576563                    /lib/x86_64-linux-gnu/libgcc_s.so.1
7ff8cda6f000-7ff8cda70000 r--p 00014000 08:01 1576563                    /lib/x86_64-linux-gnu/libgcc_s.so.1
7ff8cda70000-7ff8cda71000 rw-p 00015000 08:01 1576563                    /lib/x86_64-linux-gnu/libgcc_s.so.1
7ff8cda71000-7ff8cdaa3000 r-xp 00000000 08:01 263992                     /opt/jdk1.7.0_45/jre/lib/amd64/libsunec.so
7ff8cdaa3000-7ff8cdca2000 ---p 00032000 08:01 263992                     /opt/jdk1.7.0_45/jre/lib/amd64/libsunec.so
7ff8cdca2000-7ff8cdca8000 rw-p 00031000 08:01 263992                     /opt/jdk1.7.0_45/jre/lib/amd64/libsunec.so
7ff8cdca8000-7ff8cdcb8000 rw-p 00000000 00:00 0 
7ff8cdcb8000-7ff8cdcbb000 ---p 00000000 00:00 0 
7ff8cdcbb000-7ff8cddb9000 rw-p 00000000 00:00 0                          [stack:19090]
7ff8cddb9000-7ff8cddbc000 ---p 00000000 00:00 0 
7ff8cddbc000-7ff8cdeba000 rw-p 00000000 00:00 0                          [stack:19089]
7ff8cdeba000-7ff8cdebd000 ---p 00000000 00:00 0 
7ff8cdebd000-7ff8cdfbb000 rw-p 00000000 00:00 0                          [stack:19088]
7ff8cdfbb000-7ff8cdfbc000 ---p 00000000 00:00 0 
7ff8cdfbc000-7ff8cfd4b000 rw-p 00000000 00:00 0                          [stack:19039]
7ff8cfd4b000-7ff8cff07000 r--s 039b2000 08:01 263747                     /opt/jdk1.7.0_45/jre/lib/rt.jar
7ff8cff07000-7ff8d0000000 rw-p 00000000 00:00 0 
7ff8d0000000-7ff8d0021000 rw-p 00000000 00:00 0 
7ff8d0021000-7ff8d4000000 ---p 00000000 00:00 0 
7ff8d4000000-7ff8d402f000 rw-p 00000000 00:00 0 
7ff8d402f000-7ff8d8000000 ---p 00000000 00:00 0 
7ff8d8000000-7ff8d8021000 rw-p 00000000 00:00 0 
7ff8d8021000-7ff8dc000000 ---p 00000000 00:00 0 
7ff8dc013000-7ff8dc017000 r--s 000f7000 08:01 263938                     /opt/jdk1.7.0_45/jre/lib/ext/localedata.jar
7ff8dc017000-7ff8dc019000 r--s 00001000 08:01 263943                     /opt/jdk1.7.0_45/jre/lib/ext/dnsns.jar
7ff8dc019000-7ff8dc024000 r--s 0037c000 08:01 263274                     /opt/jdk1.7.0_45/jre/lib/charsets.jar
7ff8dc024000-7ff8dc028000 r--s 0002d000 08:01 263941                     /opt/jdk1.7.0_45/jre/lib/ext/sunjce_provider.jar
7ff8dc028000-7ff8dc029000 r--s 00003000 08:01 263939                     /opt/jdk1.7.0_45/jre/lib/ext/sunec.jar
7ff8dc029000-7ff8dc02b000 r--s 00019000 08:01 263838                     /opt/jdk1.7.0_45/jre/lib/jce.jar
7ff8dc02b000-7ff8dc02e000 ---p 00000000 00:00 0 
7ff8dc02e000-7ff8dc12c000 rw-p 00000000 00:00 0                          [stack:19087]
7ff8dc12c000-7ff8dc12f000 ---p 00000000 00:00 0 
7ff8dc12f000-7ff8dc22d000 rw-p 00000000 00:00 0                          [stack:19085]
7ff8dc22d000-7ff8dc230000 ---p 00000000 00:00 0 
7ff8dc230000-7ff8dc32e000 rw-p 00000000 00:00 0                          [stack:19084]
7ff8dc32e000-7ff8dc331000 ---p 00000000 00:00 0 
7ff8dc331000-7ff8dc42f000 rw-p 00000000 00:00 0                          [stack:19083]
7ff8dc42f000-7ff8dc432000 ---p 00000000 00:00 0 
7ff8dc432000-7ff8dc530000 rw-p 00000000 00:00 0                          [stack:19082]
7ff8dc530000-7ff8dc533000 ---p 00000000 00:00 0 
7ff8dc533000-7ff8dc631000 rw-p 00000000 00:00 0                          [stack:19081]
7ff8dc631000-7ff8dc634000 ---p 00000000 00:00 0 
7ff8dc634000-7ff8dc732000 rw-p 00000000 00:00 0                          [stack:19079]
7ff8dc732000-7ff8dc735000 ---p 00000000 00:00 0 
7ff8dc735000-7ff8dc833000 rw-p 00000000 00:00 0                          [stack:19078]
7ff8dc833000-7ff8dc836000 ---p 00000000 00:00 0 
7ff8dc836000-7ff8dc934000 rw-p 00000000 00:00 0                          [stack:19076]
7ff8dc934000-7ff8dc937000 ---p 00000000 00:00 0 
7ff8dc937000-7ff8dca35000 rw-p 00000000 00:00 0                          [stack:19074]
7ff8dca35000-7ff8dca38000 ---p 00000000 00:00 0 
7ff8dca38000-7ff8dcb36000 rw-p 00000000 00:00 0                          [stack:19072]
7ff8dcb36000-7ff8dcb39000 ---p 00000000 00:00 0 
7ff8dcb39000-7ff8dcc37000 rw-p 00000000 00:00 0                          [stack:19071]
7ff8dcc37000-7ff8dcc3a000 ---p 00000000 00:00 0 
7ff8dcc3a000-7ff8dcd38000 rw-p 00000000 00:00 0                          [stack:19069]
7ff8dcd38000-7ff8dcd3b000 ---p 00000000 00:00 0 
7ff8dcd3b000-7ff8dce39000 rw-p 00000000 00:00 0                          [stack:19067]
7ff8dce39000-7ff8dce3c000 ---p 00000000 00:00 0 
7ff8dce3c000-7ff8dcf3a000 rw-p 00000000 00:00 0                          [stack:19065]
7ff8dcf3a000-7ff8dcf3d000 ---p 00000000 00:00 0 
7ff8dcf3d000-7ff8dd03b000 rw-p 00000000 00:00 0                          [stack:19064]
7ff8dd03b000-7ff8dd03e000 ---p 00000000 00:00 0 
7ff8dd03e000-7ff8dd13c000 rw-p 00000000 00:00 0                          [stack:19063]
7ff8dd13c000-7ff8dd13f000 ---p 00000000 00:00 0 
7ff8dd13f000-7ff8dd23d000 rw-p 00000000 00:00 0                          [stack:19062]
7ff8dd23d000-7ff8dd240000 ---p 00000000 00:00 0 
7ff8dd240000-7ff8dd33e000 rw-p 00000000 00:00 0                          [stack:19061]
7ff8dd33e000-7ff8dd341000 ---p 00000000 00:00 0 
7ff8dd341000-7ff8dd43f000 rw-p 00000000 00:00 0                          [stack:19060]
7ff8dd43f000-7ff8dd442000 ---p 00000000 00:00 0 
7ff8dd442000-7ff8dd540000 rw-p 00000000 00:00 0                          [stack:19059]
7ff8dd540000-7ff8dd543000 ---p 00000000 00:00 0 
7ff8dd543000-7ff8dd641000 rw-p 00000000 00:00 0                          [stack:19058]
7ff8dd641000-7ff8dd649000 r-xp 00000000 08:01 263985                     /opt/jdk1.7.0_45/jre/lib/amd64/libmanagement.so
7ff8dd649000-7ff8dd848000 ---p 00008000 08:01 263985                     /opt/jdk1.7.0_45/jre/lib/amd64/libmanagement.so
7ff8dd848000-7ff8dd849000 rw-p 00007000 08:01 263985                     /opt/jdk1.7.0_45/jre/lib/amd64/libmanagement.so
7ff8dd849000-7ff8dd84d000 r--s 0008a000 08:01 263948                     /opt/jdk1.7.0_45/jre/lib/jsse.jar
7ff8dd84d000-7ff8dd85d000 r-xp 00000000 08:01 264032                     /opt/jdk1.7.0_45/jre/lib/amd64/libnio.so
7ff8dd85d000-7ff8dda5d000 ---p 00010000 08:01 264032                     /opt/jdk1.7.0_45/jre/lib/amd64/libnio.so
7ff8dda5d000-7ff8dda5e000 rw-p 00010000 08:01 264032                     /opt/jdk1.7.0_45/jre/lib/amd64/libnio.so
7ff8dda5e000-7ff8dda74000 r-xp 00000000 08:01 263983                     /opt/jdk1.7.0_45/jre/lib/amd64/libnet.so
7ff8dda74000-7ff8ddc74000 ---p 00016000 08:01 263983                     /opt/jdk1.7.0_45/jre/lib/amd64/libnet.so
7ff8ddc74000-7ff8ddc75000 rw-p 00016000 08:01 263983                     /opt/jdk1.7.0_45/jre/lib/amd64/libnet.so
7ff8ddc75000-7ff8ddc78000 ---p 00000000 00:00 0 
7ff8ddc78000-7ff8ddd76000 rw-p 00000000 00:00 0                          [stack:19056]
7ff8ddd76000-7ff8ddd80000 r--s 00250000 08:01 263866                     /opt/jdk1.7.0_45/jre/lib/resources.jar
7ff8ddd80000-7ff8dddaa000 r--s 001e9000 08:01 1315532                    /home/zhufb/.m2/repository/com/google/guava/guava/15.0/guava-15.0.jar
7ff8dddaa000-7ff8dddb2000 r--s 00028000 08:01 1312536                    /home/zhufb/.m2/repository/xml-apis/xml-apis/1.3.04/xml-apis-1.3.04.jar
7ff8dddb2000-7ff8dddb7000 r--s 00048000 08:01 657094                     /home/zhufb/.m2/repository/dom4j/dom4j/1.6.1/dom4j-1.6.1.jar
7ff8dddb7000-7ff8dddc0000 r--s 00095000 08:01 657093                     /home/zhufb/.m2/repository/javassist/javassist/3.12.1.GA/javassist-3.12.1.GA.jar
7ff8dddc0000-7ff8dddc3000 r--s 00017000 08:01 657092                     /home/zhufb/.m2/repository/org/reflections/reflections/0.9.8/reflections-0.9.8.jar
7ff8dddc3000-7ff8dddc8000 r--s 00041000 08:01 657091                     /home/zhufb/.m2/repository/commons-lang/commons-lang/2.6/commons-lang-2.6.jar
7ff8dddc8000-7ff8dddcd000 r--s 00034000 08:01 657090                     /home/zhufb/.m2/repository/commons-beanutils/commons-beanutils/1.8.0/commons-beanutils-1.8.0.jar
7ff8dddcd000-7ff8dddd0000 r--s 00013000 08:01 657089                     /home/zhufb/.m2/repository/net/sf/ezmorph/ezmorph/1.0.6/ezmorph-1.0.6.jar
7ff8dddd0000-7ff8dddde000 r--s 0007f000 08:01 657088                     /home/zhufb/.m2/repository/commons-collections/commons-collections/3.2.1/commons-collections-3.2.1.jar
7ff8dddde000-7ff8ddde1000 r--s 00024000 08:01 657087                     /home/zhufb/.m2/repository/net/sf/json-lib/json-lib/2.4/json-lib-2.4-jdk15.jar
7ff8ddde1000-7ff8ddde3000 r--s 0000e000 08:01 657086                     /home/zhufb/.m2/repository/javax/activation/activation/1.1/activation-1.1.jar
7ff8ddde3000-7ff8dddeb000 r--s 00075000 08:01 657085                     /home/zhufb/.m2/repository/javax/mail/mail/1.4.5/mail-1.4.5.jar
7ff8dddeb000-7ff8dddee000 r--s 0001e000 08:01 1050337                    /home/zhufb/.m2/repository/com/lakeside/lakeside-core/1.0.0-SNAPSHOT/lakeside-core-1.0.0-SNAPSHOT.jar
7ff8dddee000-7ff8dddf4000 r--s 00038000 08:01 658142                     /home/zhufb/.m2/repository/ch/qos/logback/logback-classic/1.0.6/logback-classic-1.0.6.jar
7ff8dddf4000-7ff8dddfd000 r--s 0004d000 08:01 658141                     /home/zhufb/.m2/repository/ch/qos/logback/logback-core/1.0.6/logback-core-1.0.6.jar
7ff8dddfd000-7ff8dddff000 r--s 00000000 08:01 658140                     /home/zhufb/.m2/repository/org/slf4j/jul-to-slf4j/1.6.1/jul-to-slf4j-1.6.1.jar
7ff8dddff000-7ff8dde01000 r--s 00002000 08:01 658139                     /home/zhufb/.m2/repository/org/slf4j/log4j-over-slf4j/1.6.1/log4j-over-slf4j-1.6.1.jar
7ff8dde01000-7ff8dde03000 r--s 00003000 08:01 658138                     /home/zhufb/.m2/repository/org/slf4j/jcl-over-slf4j/1.6.1/jcl-over-slf4j-1.6.1.jar
7ff8dde03000-7ff8dde05000 r--s 00005000 08:01 657097                     /home/zhufb/.m2/repository/org/slf4j/slf4j-api/1.6.1/slf4j-api-1.6.1.jar
7ff8dde05000-7ff8dde0d000 r--s 00075000 08:01 658499                     /home/zhufb/.m2/repository/com/sun/mail/javax.mail/1.4.5/javax.mail-1.4.5.jar
7ff8dde0d000-7ff8dde13000 r--s 00045000 08:01 1051779                    /home/zhufb/.m2/repository/commons-httpclient/commons-httpclient/3.1/commons-httpclient-3.1.jar
7ff8dde13000-7ff8dde15000 r--s 0000a000 08:01 1051934                    /home/zhufb/.m2/repository/commons-codec/commons-codec/1.3/commons-codec-1.3.jar
7ff8dde15000-7ff8dde17000 r--s 0000c000 08:01 1311774                    /home/zhufb/.m2/repository/org/twitter4j/twitter4j-stream/3.0.3/twitter4j-stream-3.0.3.jar
7ff8dde17000-7ff8dde1c000 r--s 00045000 08:01 1311768                    /home/zhufb/.m2/repository/org/twitter4j/twitter4j-core/3.0.3/twitter4j-core-3.0.3.jar
7ff8dde1c000-7ff8dde2b000 r--s 000b1000 08:01 1051339                    /home/zhufb/.m2/repository/org/jboss/netty/netty/3.2.2.Final/netty-3.2.2.Final.jar
7ff8dde2b000-7ff8dde2d000 r--s 00014000 08:01 1051338                    /home/zhufb/.m2/repository/jline/jline/0.9.94/jline-0.9.94.jar
7ff8dde2d000-7ff8dde39000 r--s 000b3000 08:01 1051337                    /home/zhufb/.m2/repository/org/apache/zookeeper/zookeeper/3.4.5/zookeeper-3.4.5.jar
7ff8dde39000-7ff8dde3d000 r--s 00014000 08:01 657324                     /home/zhufb/.m2/repository/org/tukaani/xz/1.0/xz-1.0.jar
7ff8dde3d000-7ff8dde42000 r--s 00036000 08:01 657323                     /home/zhufb/.m2/repository/org/apache/commons/commons-compress/1.4.1/commons-compress-1.4.1.jar
7ff8dde42000-7ff8dde44000 r--s 00006000 08:01 657322                     /home/zhufb/.m2/repository/com/wordnik/common-utils_2.9.1/1.1.1/common-utils_2.9.1-1.1.1.jar
7ff8dde44000-7ff8dde46000 r--s 0000a000 08:01 657321                     /home/zhufb/.m2/repository/com/wordnik/mongo-admin-utils_2.9.1/1.1.1/mongo-admin-utils_2.9.1-1.1.1.jar
7ff8dde46000-7ff8dde4b000 r--s 00043000 08:01 657320                     /home/zhufb/.m2/repository/org/mongodb/mongo-java-driver/2.7.3/mongo-java-driver-2.7.3.jar
7ff8dde4b000-7ff8dde4d000 r--s 00004000 08:01 1051378                    /home/zhufb/.m2/repository/com/lakeside/lakeside-data-mongo/1.0.0-SNAPSHOT/lakeside-data-mongo-1.0.0-SNAPSHOT.jar
7ff8dde4d000-7ff8dde4f000 r--s 00002000 08:01 924469                     /home/zhufb/.m2/repository/com/framework/framework-db-mongo/1.0.0-SNAPSHOT/framework-db-mongo-1.0.0-SNAPSHOT.jar
7ff8dde4f000-7ff8dde56000 r--s 0004c000 08:01 1051341                    /home/zhufb/.m2/repository/org/apache/thrift/libthrift/0.8.0/libthrift-0.8.0.jar
7ff8dde56000-7ff8dde57000 r--s 0001a000 08:01 1051340                    /home/zhufb/.m2/repository/org/apache/directory/studio/org.apache.commons.pool/1.6/org.apache.commons.pool-1.6.jar
7ff8dde57000-7ff8dde59000 r--s 00005000 08:01 1051336                    /home/zhufb/.m2/repository/stax/stax-api/1.0.1/stax-api-1.0.1.jar
7ff8dde59000-7ff8dde5c000 r--s 00013000 08:01 1051335                    /home/zhufb/.m2/repository/javax/xml/bind/jaxb-api/2.1/jaxb-api-2.1.jar
7ff8dde5c000-7ff8dde66000 r--s 00066000 08:01 1051334                    /home/zhufb/.m2/repository/com/sun/jersey/jersey-core/1.8/jersey-core-1.8.jar
7ff8dde66000-7ff8dde6c000 r--s 00068000 08:01 1051333                    /home/zhufb/.m2/repository/com/google/protobuf/protobuf-java/2.4.0a/protobuf-java-2.4.0a.jar
7ff8dde6c000-7ff8dde6e000 r--s 00004000 08:01 1051332                    /home/zhufb/.m2/repository/org/jamon/jamon-runtime/2.3.1/jamon-runtime-2.3.1.jar
7ff8dde6e000-7ff8dde6f000 r--s 00007000 08:01 1051331                    /home/zhufb/.m2/repository/org/codehaus/jackson/jackson-xc/1.8.8/jackson-xc-1.8.8.jar
7ff8dde6f000-7ff8dde70000 r--s 00004000 08:01 1051330                    /home/zhufb/.m2/repository/org/codehaus/jackson/jackson-jaxrs/1.8.8/jackson-jaxrs-1.8.8.jar
7ff8dde70000-7ff8dde74000 r--s 00034000 08:01 1051329                    /home/zhufb/.m2/repository/org/codehaus/jackson/jackson-core-asl/1.8.8/jackson-core-asl-1.8.8.jar
7ff8dde74000-7ff8dde7c000 r--s 00066000 08:01 1051309                    /home/zhufb/.m2/repository/org/apache/velocity/velocity/1.7/velocity-1.7.jar
7ff8dde7c000-7ff8dde80000 r--s 00026000 08:01 1051328                    /home/zhufb/.m2/repository/org/apache/avro/avro-ipc/1.5.3/avro-ipc-1.5.3.jar
7ff8dde80000-7ff8dde82000 r--s 000f2000 08:01 1051327                    /home/zhufb/.m2/repository/org/xerial/snappy/snappy-java/1.0.3.2/snappy-java-1.0.3.2.jar
7ff8dde82000-7ff8dde88000 r--s 0003b000 08:01 1051326                    /home/zhufb/.m2/repository/org/apache/avro/avro/1.5.3/avro-1.5.3.jar
7ff8dde88000-7ff8dde8b000 r--s 00025000 08:01 1051324                    /home/zhufb/.m2/repository/commons-io/commons-io/2.1/commons-io-2.1.jar
7ff8dde8b000-7ff8dde8e000 r--s 00015000 08:01 1051323                    /home/zhufb/.m2/repository/com/github/stephenc/high-scale-lib/high-scale-lib/1.1.1/high-scale-lib-1.1.1.jar
7ff8dde8e000-7ff8dde91000 r--s 00012000 08:01 1051322                    /home/zhufb/.m2/repository/com/yammer/metrics/metrics-core/2.1.2/metrics-core-2.1.2.jar
7ff8dde91000-7ff8dded7000 r--s 0044f000 08:01 923338                     /home/zhufb/.m2/repository/org/apache/hbase/hbase/0.94.5/hbase-0.94.5.jar
7ff8dded7000-7ff8ddefa000 r--s 00344000 08:01 1051321                    /home/zhufb/.m2/repository/org/eclipse/jdt/core/3.1.1/core-3.1.1.jar
7ff8ddefa000-7ff8ddefc000 r--s 0000e000 08:01 1051320                    /home/zhufb/.m2/repository/oro/oro/2.0.8/oro-2.0.8.jar
7ff8ddefc000-7ff8ddf05000 r--s 000a4000 08:01 1051319                    /home/zhufb/.m2/repository/hsqldb/hsqldb/1.8.0.10/hsqldb-1.8.0.10.jar
7ff8ddf05000-7ff8ddf06000 r--s 00002000 08:01 923337                     /home/zhufb/.m2/repository/net/sf/kosmosfs/kfs/0.3/kfs-0.3.jar
7ff8ddf06000-7ff8ddf0c000 r--s 00057000 08:01 923336                     /home/zhufb/.m2/repository/net/java/dev/jets3t/jets3t/0.7.1/jets3t-0.7.1.jar
7ff8ddf0c000-7ff8ddf0f000 r--s 00019000 08:01 1051318                    /home/zhufb/.m2/repository/commons-el/commons-el/1.0/commons-el-1.0.jar
7ff8ddf0f000-7ff8ddf14000 r--s 00028000 08:01 1051317                    /home/zhufb/.m2/repository/commons-net/commons-net/1.4.1/commons-net-1.4.1.jar
7ff8ddf14000-7ff8ddf18000 r--s 0002f000 08:01 788452                     /home/zhufb/.m2/repository/commons-beanutils/commons-beanutils-core/1.8.0/commons-beanutils-core-1.8.0.jar
7ff8ddf18000-7ff8ddf1c000 r--s 00020000 08:01 1051316                    /home/zhufb/.m2/repository/commons-digester/commons-digester/1.8/commons-digester-1.8.jar
7ff8ddf1c000-7ff8ddf22000 r--s 00043000 08:01 1051315                    /home/zhufb/.m2/repository/commons-configuration/commons-configuration/1.6/commons-configuration-1.6.jar
7ff8ddf22000-7ff8ddf33000 r--s 000bb000 08:01 788451                     /home/zhufb/.m2/repository/org/apache/commons/commons-math/2.1/commons-math-2.1.jar
7ff8ddf33000-7ff8ddf34000 r--s 00003000 08:01 1051312                    /home/zhufb/.m2/repository/xmlenc/xmlenc/0.52/xmlenc-0.52.jar
7ff8ddf34000-7ff8ddf36000 r--s 00009000 08:01 658361                     /home/zhufb/.m2/repository/commons-cli/commons-cli/1.2/commons-cli-1.2.jar
7ff8ddf36000-7ff8ddf6d000 r--s 00389000 08:01 658360                     /home/zhufb/.m2/repository/org/apache/hadoop/hadoop-core/1.0.4/hadoop-core-1.0.4.jar
7ff8ddf6d000-7ff8ddf6f000 r--s 00006000 08:01 924405                     /home/zhufb/.m2/repository/com/framework/framework-config/1.0.0-SNAPSHOT/framework-config-1.0.0-SNAPSHOT.jar
7ff8ddf6f000-7ff8ddf73000 r--s 0001f000 08:01 924404                     /home/zhufb/.m2/repository/com/framework/framework-db-hbase/1.0.0-SNAPSHOT/framework-db-hbase-1.0.0-SNAPSHOT.jar
7ff8ddf73000-7ff8ddf81000 r--s 00080000 08:01 657579                     /home/zhufb/.m2/repository/com/mchange/mchange-commons-java/0.2.3.3/mchange-commons-java-0.2.3.3.jar
7ff8ddf81000-7ff8ddf88000 r--s 00061000 08:01 657578                     /home/zhufb/.m2/repository/com/mchange/c3p0/0.9.2-pre8/c3p0-0.9.2-pre8.jar
7ff8ddf88000-7ff8ddf8f000 r--s 000bd000 08:01 1049575                    /home/zhufb/.m2/repository/mysql/mysql-connector-java/5.1.19/mysql-connector-java-5.1.19.jar
7ff8ddf8f000-7ff8ddf92000 r--s 00016000 08:01 657367                     /home/zhufb/.m2/repository/commons-pool/commons-pool/1.5.5/commons-pool-1.5.5.jar
7ff8ddf92000-7ff8ddf95000 r--s 00020000 08:01 657366                     /home/zhufb/.m2/repository/redis/clients/jedis/2.1.0/jedis-2.1.0.jar
7ff8ddf95000-7ff8ddf99000 r--s 00027000 08:01 657577                     /home/zhufb/.m2/repository/org/springframework/spring-expression/3.1.2.RELEASE/spring-expression-3.1.2.RELEASE.jar
7ff8ddf99000-7ff8ddfae000 r--s 000b7000 08:01 657576                     /home/zhufb/.m2/repository/org/springframework/spring-context/3.1.2.RELEASE/spring-context-3.1.2.RELEASE.jar
7ff8ddfae000-7ff8ddfb7000 r--s 00049000 08:01 657575                     /home/zhufb/.m2/repository/org/springframework/spring-aop/3.1.2.RELEASE/spring-aop-3.1.2.RELEASE.jar
7ff8ddfb7000-7ff8ddfb9000 r--s 00000000 08:01 657574                     /home/zhufb/.m2/repository/aopalliance/aopalliance/1.0/aopalliance-1.0.jar
7ff8ddfb9000-7ff8ddfc0000 r--s 00035000 08:01 657573                     /home/zhufb/.m2/repository/org/springframework/spring-tx/3.1.2.RELEASE/spring-tx-3.1.2.RELEASE.jar
7ff8ddfc0000-7ff8ddfca000 r--s 00064000 08:01 657570                     /home/zhufb/.m2/repository/org/springframework/spring-core/3.1.2.RELEASE/spring-core-3.1.2.RELEASE.jar
7ff8ddfca000-7ff8ddfd6000 r--s 00085000 08:01 657569                     /home/zhufb/.m2/repository/org/springframework/spring-beans/3.1.2.RELEASE/spring-beans-3.1.2.RELEASE.jar
7ff8ddfd6000-7ff8de008000 r--s 002c7000 08:01 657562                     /home/zhufb/.m2/repository/org/hibernate/hibernate-core/3.6.6.Final/hibernate-core-3.6.6.Final.jar
7ff8de008000-7ff8de009000 ---p 00000000 00:00 0 
7ff8de009000-7ff8de109000 rw-p 00000000 00:00 0                          [stack:19055]
7ff8de109000-7ff8de10c000 ---p 00000000 00:00 0 
7ff8de10c000-7ff8de20a000 rw-p 00000000 00:00 0                          [stack:19054]
7ff8de20a000-7ff8de20d000 ---p 00000000 00:00 0 
7ff8de20d000-7ff8de30b000 rw-p 00000000 00:00 0                          [stack:19053]
7ff8de30b000-7ff8de30e000 ---p 00000000 00:00 0 
7ff8de30e000-7ff8de40c000 rw-p 00000000 00:00 0                          [stack:19052]
7ff8de40c000-7ff8de40f000 ---p 00000000 00:00 0 
7ff8de40f000-7ff8de50d000 rw-p 00000000 00:00 0                          [stack:19049]
7ff8de50d000-7ff8de510000 ---p 00000000 00:00 0 
7ff8de510000-7ff8de60e000 rw-p 00000000 00:00 0                          [stack:19048]
7ff8de60e000-7ff8de611000 ---p 00000000 00:00 0 
7ff8de611000-7ff8de70f000 rw-p 00000000 00:00 0                          [stack:19045]
7ff8de70f000-7ff8de713000 r-xp 00000000 08:01 263996                     /opt/jdk1.7.0_45/jre/lib/amd64/libdt_socket.so
7ff8de713000-7ff8de912000 ---p 00004000 08:01 263996                     /opt/jdk1.7.0_45/jre/lib/amd64/libdt_socket.so
7ff8de912000-7ff8de913000 rw-p 00003000 08:01 263996                     /opt/jdk1.7.0_45/jre/lib/amd64/libdt_socket.so
7ff8de913000-7ff8de916000 ---p 00000000 00:00 0 
7ff8de916000-7ff8dea14000 rw-p 00000000 00:00 0                          [stack:19043]
7ff8dea14000-7ff8dea17000 ---p 00000000 00:00 0 
7ff8dea17000-7ff8deb15000 rw-p 00000000 00:00 0                          [stack:19041]
7ff8deb15000-7ff8deb18000 ---p 00000000 00:00 0 
7ff8deb18000-7ff8e3115000 rw-p 00000000 00:00 0                          [stack:19040]
7ff8e3115000-7ff8e3116000 ---p 00000000 00:00 0 
7ff8e3116000-7ff8e3216000 rw-p 00000000 00:00 0                          [stack:19035]
7ff8e3216000-7ff8e3217000 ---p 00000000 00:00 0 
7ff8e3217000-7ff8e3317000 rw-p 00000000 00:00 0                          [stack:19034]
7ff8e3317000-7ff8e3318000 ---p 00000000 00:00 0 
7ff8e3318000-7ff8e3418000 rw-p 00000000 00:00 0                          [stack:19032]
7ff8e3418000-7ff8e3419000 ---p 00000000 00:00 0 
7ff8e3419000-7ff8e3519000 rw-p 00000000 00:00 0                          [stack:19030]
7ff8e3519000-7ff8e351a000 ---p 00000000 00:00 0 
7ff8e351a000-7ff8e361a000 rw-p 00000000 00:00 0                          [stack:19029]
7ff8e361a000-7ff8e361b000 ---p 00000000 00:00 0 
7ff8e361b000-7ff8e371b000 rw-p 00000000 00:00 0                          [stack:19028]
7ff8e371b000-7ff8e371c000 ---p 00000000 00:00 0 
7ff8e371c000-7ff8e387e000 rw-p 00000000 00:00 0                          [stack:19027]
7ff8e387e000-7ff8e3885000 ---p 00000000 00:00 0 
7ff8e3885000-7ff8e3ab6000 rw-p 00000000 00:00 0 
7ff8e3ab6000-7ff8e3ad0000 rw-p 00000000 00:00 0 
7ff8e3ad0000-7ff8e3ad3000 ---p 00000000 00:00 0 
7ff8e3ad3000-7ff8e3adf000 rw-p 00000000 00:00 0 
7ff8e3adf000-7ff8e3b41000 rw-p 00000000 00:00 0 
7ff8e3b41000-7ff8e3b48000 ---p 00000000 00:00 0 
7ff8e3b48000-7ff8e3d78000 rw-p 00000000 00:00 0 
7ff8e3d78000-7ff8e3ec3000 rw-p 00000000 00:00 0 
7ff8e3ec3000-7ff8e3ec5000 ---p 00000000 00:00 0 
7ff8e3ec5000-7ff8e3ec6000 rw-p 00000000 00:00 0 
7ff8e3ec6000-7ff8e4326000 rwxp 00000000 00:00 0 
7ff8e4326000-7ff8e6ec6000 rw-p 00000000 00:00 0 
7ff8e6ec6000-7ff8e6ee0000 r-xp 00000000 08:01 264008                     /opt/jdk1.7.0_45/jre/lib/amd64/libzip.so
7ff8e6ee0000-7ff8e70e0000 ---p 0001a000 08:01 264008                     /opt/jdk1.7.0_45/jre/lib/amd64/libzip.so
7ff8e70e0000-7ff8e70e1000 rw-p 0001a000 08:01 264008                     /opt/jdk1.7.0_45/jre/lib/amd64/libzip.so
7ff8e70e1000-7ff8e70ed000 r-xp 00000000 08:01 1573695                    /lib/x86_64-linux-gnu/libnss_files-2.15.so
7ff8e70ed000-7ff8e72ec000 ---p 0000c000 08:01 1573695                    /lib/x86_64-linux-gnu/libnss_files-2.15.so
7ff8e72ec000-7ff8e72ed000 r--p 0000b000 08:01 1573695                    /lib/x86_64-linux-gnu/libnss_files-2.15.so
7ff8e72ed000-7ff8e72ee000 rw-p 0000c000 08:01 1573695                    /lib/x86_64-linux-gnu/libnss_files-2.15.so
7ff8e72ee000-7ff8e72f8000 r-xp 00000000 08:01 1573700                    /lib/x86_64-linux-gnu/libnss_nis-2.15.so
7ff8e72f8000-7ff8e74f8000 ---p 0000a000 08:01 1573700                    /lib/x86_64-linux-gnu/libnss_nis-2.15.so
7ff8e74f8000-7ff8e74f9000 r--p 0000a000 08:01 1573700                    /lib/x86_64-linux-gnu/libnss_nis-2.15.so
7ff8e74f9000-7ff8e74fa000 rw-p 0000b000 08:01 1573700                    /lib/x86_64-linux-gnu/libnss_nis-2.15.so
7ff8e74fa000-7ff8e7511000 r-xp 00000000 08:01 1576756                    /lib/x86_64-linux-gnu/libnsl-2.15.so
7ff8e7511000-7ff8e7710000 ---p 00017000 08:01 1576756                    /lib/x86_64-linux-gnu/libnsl-2.15.so
7ff8e7710000-7ff8e7711000 r--p 00016000 08:01 1576756                    /lib/x86_64-linux-gnu/libnsl-2.15.so
7ff8e7711000-7ff8e7712000 rw-p 00017000 08:01 1576756                    /lib/x86_64-linux-gnu/libnsl-2.15.so
7ff8e7712000-7ff8e7714000 rw-p 00000000 00:00 0 
7ff8e7714000-7ff8e771c000 r-xp 00000000 08:01 1573693                    /lib/x86_64-linux-gnu/libnss_compat-2.15.so
7ff8e771c000-7ff8e791b000 ---p 00008000 08:01 1573693                    /lib/x86_64-linux-gnu/libnss_compat-2.15.so
7ff8e791b000-7ff8e791c000 r--p 00007000 08:01 1573693                    /lib/x86_64-linux-gnu/libnss_compat-2.15.so
7ff8e791c000-7ff8e791d000 rw-p 00008000 08:01 1573693                    /lib/x86_64-linux-gnu/libnss_compat-2.15.so
7ff8e791d000-7ff8e8000000 r--p 00000000 08:01 2497251                    /usr/lib/locale/locale-archive
7ff8e8000000-7ff8e86e7000 rw-p 00000000 00:00 0 
7ff8e86e7000-7ff8ec000000 ---p 00000000 00:00 0 
7ff8ec001000-7ff8ec002000 r--s 00001000 08:01 1180193                    /home/zhufb/.m2/repository/com/lakeside/lakeside-data-redis/1.0.0-SNAPSHOT/lakeside-data-redis-1.0.0-SNAPSHOT.jar
7ff8ec002000-7ff8ec008000 r--s 0003f000 08:01 1053476                    /home/zhufb/.m2/repository/org/apache/httpcomponents/httpcore/4.3/httpcore-4.3.jar
7ff8ec008000-7ff8ec009000 r--s 0000c000 08:01 657571                     /home/zhufb/.m2/repository/org/springframework/spring-asm/3.1.2.RELEASE/spring-asm-3.1.2.RELEASE.jar
7ff8ec009000-7ff8ec013000 r--s 00059000 08:01 657568                     /home/zhufb/.m2/repository/org/springframework/spring-jdbc/3.1.2.RELEASE/spring-jdbc-3.1.2.RELEASE.jar
7ff8ec013000-7ff8ec018000 r--s 00015000 08:01 657566                     /home/zhufb/.m2/repository/org/hibernate/javax/persistence/hibernate-jpa-2.0-api/1.0.1.Final/hibernate-jpa-2.0-api-1.0.1.Final.jar
7ff8ec018000-7ff8ec01b000 r--s 0000f000 08:01 657565                     /home/zhufb/.m2/repository/org/hibernate/hibernate-commons-annotations/3.2.0.Final/hibernate-commons-annotations-3.2.0.Final.jar
7ff8ec01b000-7ff8ec021000 r--s 00067000 08:01 657563                     /home/zhufb/.m2/repository/antlr/antlr/2.7.6/antlr-2.7.6.jar
7ff8ec021000-7ff8ec023000 r--s 00004000 08:01 1052494                    /home/zhufb/.m2/repository/com/lakeside/lakeside-data-sql/1.0.0-SNAPSHOT/lakeside-data-sql-1.0.0-SNAPSHOT.jar
7ff8ec023000-7ff8ec025000 r--s 00008000 08:01 1311820                    /home/zhufb/.m2/repository/org/apache/httpcomponents/httpmime/4.3/httpmime-4.3.jar
7ff8ec025000-7ff8ec027000 r--s 0000e000 08:01 923992                     /home/zhufb/.m2/repository/commons-logging/commons-logging/1.1.3/commons-logging-1.1.3.jar
7ff8ec027000-7ff8ec032000 r--s 00084000 08:01 1183721                    /home/zhufb/.m2/repository/org/apache/httpcomponents/httpclient/4.3/httpclient-4.3.jar
7ff8ec032000-7ff8ec033000 r--s 00007000 08:01 924006                     /home/zhufb/.m2/repository/com/lakeside/lakeside-download/1.0.0-SNAPSHOT/lakeside-download-1.0.0-SNAPSHOT.jar
7ff8ec033000-7ff8ec03a000 r--s 00053000 08:01 1049142                    /home/zhufb/.m2/repository/log4j/log4j/1.2.14/log4j-1.2.14.jar
7ff8ec03a000-7ff8ec041000 r--s 00000000 08:01 2762757                    /usr/lib/x86_64-linux-gnu/gconv/gconv-modules.cache
7ff8ec041000-7ff8ec06a000 rw-p 00000000 00:00 0 
7ff8ec06a000-7ff8ec06b000 ---p 00000000 00:00 0 
7ff8ec06b000-7ff8ec16b000 rw-p 00000000 00:00 0                          [stack:19026]
7ff8ec16b000-7ff8ec16e000 r-xp 00000000 08:01 264015                     /opt/jdk1.7.0_45/jre/lib/amd64/libnpt.so
7ff8ec16e000-7ff8ec36d000 ---p 00003000 08:01 264015                     /opt/jdk1.7.0_45/jre/lib/amd64/libnpt.so
7ff8ec36d000-7ff8ec36e000 rw-p 00002000 08:01 264015                     /opt/jdk1.7.0_45/jre/lib/amd64/libnpt.so
7ff8ec36e000-7ff8ec3a7000 r-xp 00000000 08:01 263994                     /opt/jdk1.7.0_45/jre/lib/amd64/libjdwp.so
7ff8ec3a7000-7ff8ec5a7000 ---p 00039000 08:01 263994                     /opt/jdk1.7.0_45/jre/lib/amd64/libjdwp.so
7ff8ec5a7000-7ff8ec5a8000 rw-p 00039000 08:01 263994                     /opt/jdk1.7.0_45/jre/lib/amd64/libjdwp.so
7ff8ec5a8000-7ff8ec5a9000 rw-p 00000000 00:00 0 
7ff8ec5a9000-7ff8ec5d2000 r-xp 00000000 08:01 263999                     /opt/jdk1.7.0_45/jre/lib/amd64/libjava.so
7ff8ec5d2000-7ff8ec7d2000 ---p 00029000 08:01 263999                     /opt/jdk1.7.0_45/jre/lib/amd64/libjava.so
7ff8ec7d2000-7ff8ec7d4000 rw-p 00029000 08:01 263999                     /opt/jdk1.7.0_45/jre/lib/amd64/libjava.so
7ff8ec7d4000-7ff8ec7e1000 r-xp 00000000 08:01 263988                     /opt/jdk1.7.0_45/jre/lib/amd64/libverify.so
7ff8ec7e1000-7ff8ec9e0000 ---p 0000d000 08:01 263988                     /opt/jdk1.7.0_45/jre/lib/amd64/libverify.so
7ff8ec9e0000-7ff8ec9e2000 rw-p 0000c000 08:01 263988                     /opt/jdk1.7.0_45/jre/lib/amd64/libverify.so
7ff8ec9e2000-7ff8ec9e9000 r-xp 00000000 08:01 1573699                    /lib/x86_64-linux-gnu/librt-2.15.so
7ff8ec9e9000-7ff8ecbe8000 ---p 00007000 08:01 1573699                    /lib/x86_64-linux-gnu/librt-2.15.so
7ff8ecbe8000-7ff8ecbe9000 r--p 00006000 08:01 1573699                    /lib/x86_64-linux-gnu/librt-2.15.so
7ff8ecbe9000-7ff8ecbea000 rw-p 00007000 08:01 1573699                    /lib/x86_64-linux-gnu/librt-2.15.so
7ff8ecbea000-7ff8ecce5000 r-xp 00000000 08:01 1573703                    /lib/x86_64-linux-gnu/libm-2.15.so
7ff8ecce5000-7ff8ecee4000 ---p 000fb000 08:01 1573703                    /lib/x86_64-linux-gnu/libm-2.15.so
7ff8ecee4000-7ff8ecee5000 r--p 000fa000 08:01 1573703                    /lib/x86_64-linux-gnu/libm-2.15.so
7ff8ecee5000-7ff8ecee6000 rw-p 000fb000 08:01 1573703                    /lib/x86_64-linux-gnu/libm-2.15.so
7ff8ecee6000-7ff8eda48000 r-xp 00000000 08:01 264006                     /opt/jdk1.7.0_45/jre/lib/amd64/server/libjvm.so
7ff8eda48000-7ff8edc48000 ---p 00b62000 08:01 264006                     /opt/jdk1.7.0_45/jre/lib/amd64/server/libjvm.so
7ff8edc48000-7ff8edd0b000 rw-p 00b62000 08:01 264006                     /opt/jdk1.7.0_45/jre/lib/amd64/server/libjvm.so
7ff8edd0b000-7ff8edd4c000 rw-p 00000000 00:00 0 
7ff8edd4c000-7ff8edf01000 r-xp 00000000 08:01 1573691                    /lib/x86_64-linux-gnu/libc-2.15.so
7ff8edf01000-7ff8ee101000 ---p 001b5000 08:01 1573691                    /lib/x86_64-linux-gnu/libc-2.15.so
7ff8ee101000-7ff8ee105000 r--p 001b5000 08:01 1573691                    /lib/x86_64-linux-gnu/libc-2.15.so
7ff8ee105000-7ff8ee107000 rw-p 001b9000 08:01 1573691                    /lib/x86_64-linux-gnu/libc-2.15.so
7ff8ee107000-7ff8ee10c000 rw-p 00000000 00:00 0 
7ff8ee10c000-7ff8ee10e000 r-xp 00000000 08:01 1576751                    /lib/x86_64-linux-gnu/libdl-2.15.so
7ff8ee10e000-7ff8ee30e000 ---p 00002000 08:01 1576751                    /lib/x86_64-linux-gnu/libdl-2.15.so
7ff8ee30e000-7ff8ee30f000 r--p 00002000 08:01 1576751                    /lib/x86_64-linux-gnu/libdl-2.15.so
7ff8ee30f000-7ff8ee310000 rw-p 00003000 08:01 1576751                    /lib/x86_64-linux-gnu/libdl-2.15.so
7ff8ee310000-7ff8ee326000 r-xp 00000000 08:01 264028                     /opt/jdk1.7.0_45/jre/lib/amd64/jli/libjli.so
7ff8ee326000-7ff8ee526000 ---p 00016000 08:01 264028                     /opt/jdk1.7.0_45/jre/lib/amd64/jli/libjli.so
7ff8ee526000-7ff8ee527000 rw-p 00016000 08:01 264028                     /opt/jdk1.7.0_45/jre/lib/amd64/jli/libjli.so
7ff8ee527000-7ff8ee53f000 r-xp 00000000 08:01 1573701                    /lib/x86_64-linux-gnu/libpthread-2.15.so
7ff8ee53f000-7ff8ee73e000 ---p 00018000 08:01 1573701                    /lib/x86_64-linux-gnu/libpthread-2.15.so
7ff8ee73e000-7ff8ee73f000 r--p 00017000 08:01 1573701                    /lib/x86_64-linux-gnu/libpthread-2.15.so
7ff8ee73f000-7ff8ee740000 rw-p 00018000 08:01 1573701                    /lib/x86_64-linux-gnu/libpthread-2.15.so
7ff8ee740000-7ff8ee744000 rw-p 00000000 00:00 0 
7ff8ee744000-7ff8ee766000 r-xp 00000000 08:01 1573704                    /lib/x86_64-linux-gnu/ld-2.15.so
7ff8ee766000-7ff8ee780000 rw-p 00000000 00:00 0 
7ff8ee780000-7ff8ee783000 ---p 00000000 00:00 0 
7ff8ee783000-7ff8ee78f000 rw-p 00000000 00:00 0 
7ff8ee78f000-7ff8ee7a1000 rw-p 00000000 00:00 0 
7ff8ee7a1000-7ff8ee84f000 rw-p 00000000 00:00 0 
7ff8ee84f000-7ff8ee852000 ---p 00000000 00:00 0 
7ff8ee852000-7ff8ee954000 rw-p 00000000 00:00 0                          [stack:19025]
7ff8ee954000-7ff8ee955000 r--s 00003000 08:01 657567                     /home/zhufb/.m2/repository/javax/transaction/jta/1.1/jta-1.1.jar
7ff8ee955000-7ff8ee95a000 r--s 0003f000 08:01 1311811                    /home/zhufb/.m2/repository/org/jsoup/jsoup/1.7.1/jsoup-1.7.1.jar
7ff8ee95a000-7ff8ee962000 rw-s 00000000 08:01 2231066                    /tmp/hsperfdata_zhufb/19023
7ff8ee962000-7ff8ee963000 rw-p 00000000 00:00 0 
7ff8ee963000-7ff8ee964000 r--p 00000000 00:00 0 
7ff8ee964000-7ff8ee966000 rw-p 00000000 00:00 0 
7ff8ee966000-7ff8ee967000 r--p 00022000 08:01 1573704                    /lib/x86_64-linux-gnu/ld-2.15.so
7ff8ee967000-7ff8ee969000 rw-p 00023000 08:01 1573704                    /lib/x86_64-linux-gnu/ld-2.15.so
7fff24eba000-7fff24edd000 rw-p 00000000 00:00 0                          [stack]
7fff24edf000-7fff24ee0000 r-xp 00000000 00:00 0                          [vdso]
ffffffffff600000-ffffffffff601000 r-xp 00000000 00:00 0                  [vsyscall]

VM Arguments:
jvm_args: -agentlib:jdwp=transport=dt_socket,suspend=y,address=localhost:57694 -Dfile.encoding=UTF-8 
java_command: com.sdata.crawl.DataCrawl --name=common
Launcher Type: SUN_STANDARD

Environment Variables:
JAVA_HOME=/opt/jdk1.7.0_45
JRE_HOME=/opt/jdk1.7.0_45/jre
CLASSPATH=.::/opt/jdk1.7.0_45/lib:/opt/jdk1.7.0_45/jre/lib
PATH=/usr/lib/lightdm/lightdm:/usr/local/sbin:/usr/local/bin:/usr/sbin:/usr/bin:/sbin:/bin:/usr/games:/opt/jdk1.7.0_45/bin:/opt/jdk1.7.0_45/jre/bin:/opt/apache-maven-3.1.1/bin
SHELL=/bin/bash
DISPLAY=:0

Signal Handlers:
SIGSEGV: [libjvm.so+0x9935b0], sa_mask[0]=0x7ffbfeff, sa_flags=0x10000004
SIGBUS: [libjvm.so+0x9935b0], sa_mask[0]=0x7ffbfeff, sa_flags=0x10000004
SIGFPE: [libjvm.so+0x810330], sa_mask[0]=0x7ffbfeff, sa_flags=0x10000004
SIGPIPE: [libjvm.so+0x810330], sa_mask[0]=0x7ffbfeff, sa_flags=0x10000004
SIGXFSZ: [libjvm.so+0x810330], sa_mask[0]=0x7ffbfeff, sa_flags=0x10000004
SIGILL: [libjvm.so+0x810330], sa_mask[0]=0x7ffbfeff, sa_flags=0x10000004
SIGUSR1: SIG_DFL, sa_mask[0]=0x00000000, sa_flags=0x00000000
SIGUSR2: [libjvm.so+0x811820], sa_mask[0]=0x00000004, sa_flags=0x10000004
SIGHUP: [libjvm.so+0x812790], sa_mask[0]=0x7ffbfeff, sa_flags=0x10000004
SIGINT: [libjvm.so+0x812790], sa_mask[0]=0x7ffbfeff, sa_flags=0x10000004
SIGTERM: [libjvm.so+0x812790], sa_mask[0]=0x7ffbfeff, sa_flags=0x10000004
SIGQUIT: [libjvm.so+0x812790], sa_mask[0]=0x7ffbfeff, sa_flags=0x10000004


---------------  S Y S T E M  ---------------

OS:wheezy/sid

uname:Linux 3.5.0-43-generic #66~precise1-Ubuntu SMP Thu Oct 24 14:52:23 UTC 2013 x86_64
libc:glibc 2.15 NPTL 2.15 
rlimit: STACK 8192k, CORE 0k, NPROC 63691, NOFILE 4096, AS infinity
load average:1.32 1.11 0.96

/proc/meminfo:
MemTotal:        8171204 kB
MemFree:          241816 kB
Buffers:          170764 kB
Cached:          2857908 kB
SwapCached:       115248 kB
Active:          5277640 kB
Inactive:        2267860 kB
Active(anon):    3754016 kB
Inactive(anon):   776216 kB
Active(file):    1523624 kB
Inactive(file):  1491644 kB
Unevictable:          48 kB
Mlocked:              48 kB
SwapTotal:       8385532 kB
SwapFree:        7939020 kB
Dirty:                72 kB
Writeback:             0 kB
AnonPages:       4461664 kB
Mapped:           155348 kB
Shmem:             13400 kB
Slab:             212992 kB
SReclaimable:     165232 kB
SUnreclaim:        47760 kB
KernelStack:        6968 kB
PageTables:        56576 kB
NFS_Unstable:          0 kB
Bounce:                0 kB
WritebackTmp:          0 kB
CommitLimit:    12471132 kB
Committed_AS:    9468324 kB
VmallocTotal:   34359738367 kB
VmallocUsed:      316084 kB
VmallocChunk:   34359420056 kB
HardwareCorrupted:     0 kB
AnonHugePages:         0 kB
HugePages_Total:       0
HugePages_Free:        0
HugePages_Rsvd:        0
HugePages_Surp:        0
Hugepagesize:       2048 kB
DirectMap4k:       77824 kB
DirectMap2M:     8310784 kB


CPU:total 8 (2 cores per cpu, 1 threads per core) family 6 model 42 stepping 7, cmov, cx8, fxsr, mmx, sse, sse2, sse3, ssse3, sse4.1, sse4.2, popcnt, avx, aes, tsc, tscinvbit

/proc/cpuinfo:
processor	: 0
vendor_id	: GenuineIntel
cpu family	: 6
model		: 42
model name	: Intel(R) Core(TM) i7-2600 CPU @ 3.40GHz
stepping	: 7
microcode	: 0x23
cpu MHz		: 3392.319
cache size	: 8192 KB
physical id	: 0
siblings	: 2
core id		: 0
cpu cores	: 2
apicid		: 0
initial apicid	: 0
fpu		: yes
fpu_exception	: yes
cpuid level	: 13
wp		: yes
flags		: fpu vme de pse tsc msr pae mce cx8 apic sep mtrr pge mca cmov pat pse36 clflush dts mmx fxsr sse sse2 ss ht syscall nx rdtscp lm constant_tsc arch_perfmon pebs bts nopl xtopology tsc_reliable nonstop_tsc aperfmperf pni pclmulqdq ssse3 cx16 pcid sse4_1 sse4_2 x2apic popcnt aes xsave avx hypervisor lahf_lm ida arat epb xsaveopt pln pts dtherm
bogomips	: 6784.63
clflush size	: 64
cache_alignment	: 64
address sizes	: 40 bits physical, 48 bits virtual
power management:

processor	: 1
vendor_id	: GenuineIntel
cpu family	: 6
model		: 42
model name	: Intel(R) Core(TM) i7-2600 CPU @ 3.40GHz
stepping	: 7
microcode	: 0x23
cpu MHz		: 3392.319
cache size	: 8192 KB
physical id	: 0
siblings	: 2
core id		: 1
cpu cores	: 2
apicid		: 1
initial apicid	: 1
fpu		: yes
fpu_exception	: yes
cpuid level	: 13
wp		: yes
flags		: fpu vme de pse tsc msr pae mce cx8 apic sep mtrr pge mca cmov pat pse36 clflush dts mmx fxsr sse sse2 ss ht syscall nx rdtscp lm constant_tsc arch_perfmon pebs bts nopl xtopology tsc_reliable nonstop_tsc aperfmperf pni pclmulqdq ssse3 cx16 pcid sse4_1 sse4_2 x2apic popcnt aes xsave avx hypervisor lahf_lm ida arat epb xsaveopt pln pts dtherm
bogomips	: 6784.63
clflush size	: 64
cache_alignment	: 64
address sizes	: 40 bits physical, 48 bits virtual
power management:

processor	: 2
vendor_id	: GenuineIntel
cpu family	: 6
model		: 42
model name	: Intel(R) Core(TM) i7-2600 CPU @ 3.40GHz
stepping	: 7
microcode	: 0x23
cpu MHz		: 3392.319
cache size	: 8192 KB
physical id	: 1
siblings	: 2
core id		: 0
cpu cores	: 2
apicid		: 2
initial apicid	: 2
fpu		: yes
fpu_exception	: yes
cpuid level	: 13
wp		: yes
flags		: fpu vme de pse tsc msr pae mce cx8 apic sep mtrr pge mca cmov pat pse36 clflush dts mmx fxsr sse sse2 ss ht syscall nx rdtscp lm constant_tsc arch_perfmon pebs bts nopl xtopology tsc_reliable nonstop_tsc aperfmperf pni pclmulqdq ssse3 cx16 pcid sse4_1 sse4_2 x2apic popcnt aes xsave avx hypervisor lahf_lm ida arat epb xsaveopt pln pts dtherm
bogomips	: 6784.63
clflush size	: 64
cache_alignment	: 64
address sizes	: 40 bits physical, 48 bits virtual
power management:

processor	: 3
vendor_id	: GenuineIntel
cpu family	: 6
model		: 42
model name	: Intel(R) Core(TM) i7-2600 CPU @ 3.40GHz
stepping	: 7
microcode	: 0x23
cpu MHz		: 3392.319
cache size	: 8192 KB
physical id	: 1
siblings	: 2
core id		: 1
cpu cores	: 2
apicid		: 3
initial apicid	: 3
fpu		: yes
fpu_exception	: yes
cpuid level	: 13
wp		: yes
flags		: fpu vme de pse tsc msr pae mce cx8 apic sep mtrr pge mca cmov pat pse36 clflush dts mmx fxsr sse sse2 ss ht syscall nx rdtscp lm constant_tsc arch_perfmon pebs bts nopl xtopology tsc_reliable nonstop_tsc aperfmperf pni pclmulqdq ssse3 cx16 pcid sse4_1 sse4_2 x2apic popcnt aes xsave avx hypervisor lahf_lm ida arat epb xsaveopt pln pts dtherm
bogomips	: 6784.63
clflush size	: 64
cache_alignment	: 64
address sizes	: 40 bits physical, 48 bits virtual
power management:

processor	: 4
vendor_id	: GenuineIntel
cpu family	: 6
model		: 42
model name	: Intel(R) Core(TM) i7-2600 CPU @ 3.40GHz
stepping	: 7
microcode	: 0x23
cpu MHz		: 3392.319
cache size	: 8192 KB
physical id	: 2
siblings	: 2
core id		: 0
cpu cores	: 2
apicid		: 4
initial apicid	: 4
fpu		: yes
fpu_exception	: yes
cpuid level	: 13
wp		: yes
flags		: fpu vme de pse tsc msr pae mce cx8 apic sep mtrr pge mca cmov pat pse36 clflush dts mmx fxsr sse sse2 ss ht syscall nx rdtscp lm constant_tsc arch_perfmon pebs bts nopl xtopology tsc_reliable nonstop_tsc aperfmperf pni pclmulqdq ssse3 cx16 pcid sse4_1 sse4_2 x2apic popcnt aes xsave avx hypervisor lahf_lm ida arat epb xsaveopt pln pts dtherm
bogomips	: 6784.63
clflush size	: 64
cache_alignment	: 64
address sizes	: 40 bits physical, 48 bits virtual
power management:

processor	: 5
vendor_id	: GenuineIntel
cpu family	: 6
model		: 42
model name	: Intel(R) Core(TM) i7-2600 CPU @ 3.40GHz
stepping	: 7
microcode	: 0x23
cpu MHz		: 3392.319
cache size	: 8192 KB
physical id	: 2
siblings	: 2
core id		: 1
cpu cores	: 2
apicid		: 5
initial apicid	: 5
fpu		: yes
fpu_exception	: yes
cpuid level	: 13
wp		: yes
flags		: fpu vme de pse tsc msr pae mce cx8 apic sep mtrr pge mca cmov pat pse36 clflush dts mmx fxsr sse sse2 ss ht syscall nx rdtscp lm constant_tsc arch_perfmon pebs bts nopl xtopology tsc_reliable nonstop_tsc aperfmperf pni pclmulqdq ssse3 cx16 pcid sse4_1 sse4_2 x2apic popcnt aes xsave avx hypervisor lahf_lm ida arat epb xsaveopt pln pts dtherm
bogomips	: 6784.63
clflush size	: 64
cache_alignment	: 64
address sizes	: 40 bits physical, 48 bits virtual
power management:

processor	: 6
vendor_id	: GenuineIntel
cpu family	: 6
model		: 42
model name	: Intel(R) Core(TM) i7-2600 CPU @ 3.40GHz
stepping	: 7
microcode	: 0x23
cpu MHz		: 3392.319
cache size	: 8192 KB
physical id	: 3
siblings	: 2
core id		: 0
cpu cores	: 2
apicid		: 6
initial apicid	: 6
fpu		: yes
fpu_exception	: yes
cpuid level	: 13
wp		: yes
flags		: fpu vme de pse tsc msr pae mce cx8 apic sep mtrr pge mca cmov pat pse36 clflush dts mmx fxsr sse sse2 ss ht syscall nx rdtscp lm constant_tsc arch_perfmon pebs bts nopl xtopology tsc_reliable nonstop_tsc aperfmperf pni pclmulqdq ssse3 cx16 pcid sse4_1 sse4_2 x2apic popcnt aes xsave avx hypervisor lahf_lm ida arat epb xsaveopt pln pts dtherm
bogomips	: 6784.63
clflush size	: 64
cache_alignment	: 64
address sizes	: 40 bits physical, 48 bits virtual
power management:

processor	: 7
vendor_id	: GenuineIntel
cpu family	: 6
model		: 42
model name	: Intel(R) Core(TM) i7-2600 CPU @ 3.40GHz
stepping	: 7
microcode	: 0x23
cpu MHz		: 3392.319
cache size	: 8192 KB
physical id	: 3
siblings	: 2
core id		: 1
cpu cores	: 2
apicid		: 7
initial apicid	: 7
fpu		: yes
fpu_exception	: yes
cpuid level	: 13
wp		: yes
flags		: fpu vme de pse tsc msr pae mce cx8 apic sep mtrr pge mca cmov pat pse36 clflush dts mmx fxsr sse sse2 ss ht syscall nx rdtscp lm constant_tsc arch_perfmon pebs bts nopl xtopology tsc_reliable nonstop_tsc aperfmperf pni pclmulqdq ssse3 cx16 pcid sse4_1 sse4_2 x2apic popcnt aes xsave avx hypervisor lahf_lm ida arat epb xsaveopt pln pts dtherm
bogomips	: 6784.63
clflush size	: 64
cache_alignment	: 64
address sizes	: 40 bits physical, 48 bits virtual
power management:



Memory: 4k page, physical 8171204k(241816k free), swap 8385532k(7939020k free)

vm_info: Java HotSpot(TM) 64-Bit Server VM (24.45-b08) for linux-amd64 JRE (1.7.0_45-b18), built on Oct  8 2013 05:44:25 by "java_re" with gcc 4.3.0 20080428 (Red Hat 4.3.0-8)

time: Thu Dec 26 18:53:39 2013
elapsed time: 383 seconds

